# Rescue Logfile. Created by GNU ddrescue version 1.14
# Command line: ddrescue -f -n -d /dev/sda /mnt/nas/ddrescue/example.img /mnt/nas/ddrescue/example.log
# current_pos  current_status
0x30E8F7200     ?
#      pos        size  status
0x00000000  0x7F440000  +
0x7F440000  0x00010000  *
0x7F450000  0x00000200  -
0x7F450200  0x00010000  *
0x7F460200  0x00580000  +
0x7F9E0200  0x00010000  *
0x7F9F0200  0x00140000  +
0x7FB30200  0x00010000  *
0x7FB40200  0x00000200  -
0x7FB40400  0x00010000  *
0x7FB50400  0x000E0000  +
0x7FC30400  0x00010000  *
0x7FC40400  0x00040000  +
0x7FC80400  0x00010000  *
0x7FC90400  0x00190000  +
0x7FE20400  0x00010000  *
0x7FE30400  0x00130000  +
0x7FF60400  0x00010000  *
0x7FF70400  0x00B90000  +
0x80B00400  0x00010000  *
0x80B10400  0x00000200  -
0x80B10600  0x00010000  *
0x80B20600  0x007F0000  +
0x81310600  0x00010000  *
0x81320600  0x00000200  -
0x81320800  0x00010000  *
0x81330800  0x02B40000  +
0x83E70800  0x00010000  *
0x83E80800  0x00000200  -
0x83E80A00  0x00010000  *
0x83E90A00  0x00E10000  +
0x84CA0A00  0x00010000  *
0x84CB0A00  0x00000200  -
0x84CB0C00  0x00010000  *
0x84CC0C00  0x02440000  +
0x87100C00  0x00010000  *
0x87110C00  0x00000E00  +
0x87111A00  0x00000200  -
0x87111C00  0x0000F200  *
0x87120E00  0x00100000  +
0x87220E00  0x00010000  *
0x87230E00  0x00000200  -
0x87231000  0x00010000  *
0x87241000  0x094D0000  +
0x90711000  0x00010000  *
0x90721000  0x08A60000  +
0x99181000  0x00010000  *
0x99191000  0x06F80000  +
0xA0111000  0x00010000  *
0xA0121000  0x00000200  -
0xA0121200  0x00010000  *
0xA0131200  0x0ADC0000  +
0xAAEF1200  0x00010000  *
0xAAF01200  0x005D0000  +
0xAB4D1200  0x00010000  *
0xAB4E1200  0x00000200  -
0xAB4E1400  0x00010000  *
0xAB4F1400  0x00000200  -
0xAB4F1600  0x00020000  *
0xAB511600  0x00260000  +
0xAB771600  0x00010000  *
0xAB781600  0x00000200  -
0xAB781800  0x00010000  *
0xAB791800  0x00DE0000  +
0xAC571800  0x00010000  *
0xAC581800  0x01600000  +
0xADB81800  0x00010000  *
0xADB91800  0x00000200  -
0xADB91A00  0x00010000  *
0xADBA1A00  0x09530000  +
0xB70D1A00  0x00010000  *
0xB70E1A00  0x00000200  -
0xB70E1C00  0x00010000  *
0xB70F1C00  0x007D0000  +
0xB78C1C00  0x00010000  *
0xB78D1C00  0x00000200  -
0xB78D1E00  0x00010000  *
0xB78E1E00  0x04720000  +
0xBC001E00  0x00010000  *
0xBC011E00  0x01B90000  +
0xBDBA1E00  0x00010000  *
0xBDBB1E00  0x00040000  +
0xBDBF1E00  0x00010000  *
0xBDC01E00  0x00010000  +
0xBDC11E00  0x00010000  *
0xBDC21E00  0x00009000  +
0xBDC2AE00  0x00000200  -
0xBDC2B000  0x00007000  *
0xBDC32000  0x00001E00  +
0xBDC33E00  0x00000200  -
0xBDC34000  0x0000E200  *
0xBDC42200  0x00008C00  +
0xBDC4AE00  0x00000200  -
0xBDC4B000  0x00007400  *
0xBDC52400  0x00020000  +
0xBDC72400  0x00010000  *
0xBDC82400  0x00006A00  +
0xBDC88E00  0x00000200  -
0xBDC89000  0x00009600  *
0xBDC92600  0x00000200  -
0xBDC92800  0x00010000  *
0xBDCA2800  0x00002600  +
0xBDCA4E00  0x00000200  -
0xBDCA5000  0x0001DA00  *
0xBDCC2A00  0x00000200  -
0xBDCC2C00  0x0003B400  *
0xBDCFE000  0x00000200  -
0xBDCFE200  0x00076800  *
0xBDD74A00  0x00004600  +
0xBDD79000  0x00000200  -
0xBDD79200  0x000E8A00  *
0xBDE61C00  0x00000200  +
0xBDE61E00  0x00000200  -
0xBDE62000  0x001D1200  *
0xBE033200  0x01FD2400  +
0xC0005600  0x00010000  *
0xC0015600  0x00004800  +
0xC0019E00  0x00000200  -
0xC001A000  0x0000B800  *
0xC0025800  0x0000F600  +
0xC0034E00  0x00000200  -
0xC0035000  0x00000A00  *
0xC0035A00  0x00000400  +
0xC0035E00  0x00000200  -
0xC0036000  0x0000FC00  *
0xC0045C00  0x00010000  +
0xC0055C00  0x00010000  *
0xC0065C00  0x00060000  +
0xC00C5C00  0x00010000  *
0xC00D5C00  0x000B0000  +
0xC0185C00  0x00010000  *
0xC0195C00  0x00020000  +
0xC01B5C00  0x00010000  *
0xC01C5C00  0x000C0000  +
0xC0285C00  0x00010000  *
0xC0295C00  0x00030000  +
0xC02C5C00  0x00010000  *
0xC02D5C00  0x0000F200  +
0xC02E4E00  0x00000200  -
0xC02E5000  0x00000E00  *
0xC02E5E00  0x00020000  +
0xC0305E00  0x00010000  *
0xC0315E00  0x0000D000  +
0xC0322E00  0x00000200  -
0xC0323000  0x00003000  *
0xC0326000  0x00003E00  +
0xC0329E00  0x00000200  -
0xC032A000  0x0000C200  *
0xC0336200  0x000E0000  +
0xC0416200  0x00010000  *
0xC0426200  0x000C0000  +
0xC04E6200  0x00010000  *
0xC04F6200  0x00002C00  +
0xC04F8E00  0x00000200  -
0xC04F9000  0x0000D400  *
0xC0506400  0x000E0000  +
0xC05E6400  0x00010000  *
0xC05F6400  0x000B0000  +
0xC06A6400  0x00010000  *
0xC06B6400  0x00020000  +
0xC06D6400  0x00010000  *
0xC06E6400  0x00060000  +
0xC0746400  0x00010000  *
0xC0756400  0x00050000  +
0xC07A6400  0x00010000  *
0xC07B6400  0x00020000  +
0xC07D6400  0x00010000  *
0xC07E6400  0x00080000  +
0xC0866400  0x00010000  *
0xC0876400  0x00010000  +
0xC0886400  0x00010000  *
0xC0896400  0x00010000  +
0xC08A6400  0x00010000  *
0xC08B6400  0x00030000  +
0xC08E6400  0x00010000  *
0xC08F6400  0x0000FA00  +
0xC0905E00  0x00000200  -
0xC0906000  0x00000600  *
0xC0906600  0x00000200  -
0xC0906800  0x00010000  *
0xC0916800  0x00000200  -
0xC0916A00  0x00020000  *
0xC0936A00  0x0003D400  +
0xC0973E00  0x00000200  -
0xC0974000  0x00002C00  *
0xC0976C00  0x00030000  +
0xC09A6C00  0x00010000  *
0xC09B6C00  0x00040000  +
0xC09F6C00  0x00010000  *
0xC0A06C00  0x00010000  +
0xC0A16C00  0x00010000  *
0xC0A26C00  0x00010000  +
0xC0A36C00  0x00010000  *
0xC0A46C00  0x000D0000  +
0xC0B16C00  0x00010000  *
0xC0B26C00  0x00010000  +
0xC0B36C00  0x00010000  *
0xC0B46C00  0x00050000  +
0xC0B96C00  0x00010000  *
0xC0BA6C00  0x00001200  +
0xC0BA7E00  0x00000200  -
0xC0BA8000  0x0000EE00  *
0xC0BB6E00  0x00010000  +
0xC0BC6E00  0x00010000  *
0xC0BD6E00  0x00230000  +
0xC0E06E00  0x00010000  *
0xC0E16E00  0x00050000  +
0xC0E66E00  0x00010000  *
0xC0E76E00  0x0000C000  +
0xC0E82E00  0x00000200  -
0xC0E83000  0x00004000  *
0xC0E87000  0x00020000  +
0xC0EA7000  0x00010000  *
0xC0EB7000  0x00090000  +
0xC0F47000  0x00010000  *
0xC0F57000  0x00030000  +
0xC0F87000  0x00010000  *
0xC0F97000  0x00140000  +
0xC10D7000  0x00010000  *
0xC10E7000  0x00150000  +
0xC1237000  0x00010000  *
0xC1247000  0x00010000  +
0xC1257000  0x00010000  *
0xC1267000  0x0000FE00  +
0xC1276E00  0x00000200  -
0xC1277000  0x00000200  *
0xC1277200  0x00000200  -
0xC1277400  0x00010000  *
0xC1287400  0x00050000  +
0xC12D7400  0x00010000  *
0xC12E7400  0x00020000  +
0xC1307400  0x00010000  *
0xC1317400  0x00000200  -
0xC1317600  0x00010000  *
0xC1327600  0x00004800  +
0xC132BE00  0x00000200  -
0xC132C000  0x0001B800  *
0xC1347800  0x00037000  +
0xC137E800  0x00010000  *
0xC138E800  0x0000E600  +
0xC139CE00  0x00000200  -
0xC139D000  0x00001A00  *
0xC139EA00  0x00008400  +
0xC13A6E00  0x00000200  -
0xC13A7000  0x00007C00  *
0xC13AEC00  0x00000200  +
0xC13AEE00  0x00000200  -
0xC13AF000  0x0000FE00  *
0xC13BEE00  0x0000C000  +
0xC13CAE00  0x00000200  -
0xC13CB000  0x00004000  *
0xC13CF000  0x00110000  +
0xC14DF000  0x00010000  *
0xC14EF000  0x00010000  +
0xC14FF000  0x00010000  *
0xC150F000  0x0000AE00  +
0xC1519E00  0x00000200  -
0xC151A000  0x00005200  *
0xC151F200  0x00010000  +
0xC152F200  0x00010000  *
0xC153F200  0x00010000  +
0xC154F200  0x00010000  *
0xC155F200  0x00004C00  +
0xC1563E00  0x00000200  -
0xC1564000  0x0000B400  *
0xC156F400  0x00030000  +
0xC159F400  0x00010000  *
0xC15AF400  0x00040000  +
0xC15EF400  0x00010000  *
0xC15FF400  0x00007A00  +
0xC1606E00  0x00000200  -
0xC1607000  0x00008600  *
0xC160F600  0x00004800  +
0xC1613E00  0x00000200  -
0xC1614000  0x0000B800  *
0xC161F800  0x00006600  +
0xC1625E00  0x00000200  -
0xC1626000  0x00009A00  *
0xC162FA00  0x00003400  +
0xC1632E00  0x00000200  -
0xC1633000  0x0000CC00  *
0xC163FC00  0x000B0000  +
0xC16EFC00  0x00010000  *
0xC16FFC00  0x00020000  +
0xC171FC00  0x00010000  *
0xC172FC00  0x00070000  +
0xC179FC00  0x00010000  *
0xC17AFC00  0x00020000  +
0xC17CFC00  0x00010000  *
0xC17DFC00  0x00020000  +
0xC17FFC00  0x00010000  *
0xC180FC00  0x00010000  +
0xC181FC00  0x00010000  *
0xC182FC00  0x0000A200  +
0xC1839E00  0x00000200  -
0xC183A000  0x00005E00  *
0xC183FE00  0x00000200  -
0xC1840000  0x00010000  *
0xC1850000  0x00016E00  +
0xC1866E00  0x00000200  -
0xC1867000  0x00009200  *
0xC1870200  0x00000200  -
0xC1870400  0x00010000  *
0xC1880400  0x00000A00  +
0xC1880E00  0x00000200  -
0xC1881000  0x0001F600  *
0xC18A0600  0x00000200  -
0xC18A0800  0x0003EC00  *
0xC18DF400  0x00000A00  +
0xC18DFE00  0x00000200  -
0xC18E0000  0x0007CE00  *
0xC195CE00  0x00000200  -
0xC195D000  0x000F9C00  *
0xC1A56C00  0x00099200  +
0xC1AEFE00  0x00000200  -
0xC1AF0000  0x0015A600  *
0xC1C4A600  0x000CE800  +
0xC1D18E00  0x00000200  -
0xC1D19000  0x001E6400  *
0xC1EFF400  0x00075C00  +
0xC1F75000  0x00000200  -
0xC1F75200  0x00356C00  *
0xC22CBE00  0x00170000  +
0xC243BE00  0x00000200  -
0xC243C000  0x0053D800  *
0xC2979800  0x00085600  +
0xC29FEE00  0x00000200  -
0xC29FF000  0x009F5A00  *
0xC33F4A00  0x07E3B400  +
0xCB22FE00  0x00010000  *
0xCB23FE00  0x00000200  -
0xCB240000  0x00010000  *
0xCB250000  0x00180000  +
0xCB3D0000  0x00010000  *
0xCB3E0000  0x000A0000  +
0xCB480000  0x00010000  *
0xCB490000  0x00020000  +
0xCB4B0000  0x00010000  *
0xCB4C0000  0x00030000  +
0xCB4F0000  0x00010000  *
0xCB500000  0x00130000  +
0xCB630000  0x00010000  *
0xCB640000  0x00010000  +
0xCB650000  0x00010000  *
0xCB660000  0x00020000  +
0xCB680000  0x00010000  *
0xCB690000  0x00010000  +
0xCB6A0000  0x00010000  *
0xCB6B0000  0x00070000  +
0xCB720000  0x00010000  *
0xCB730000  0x00000200  -
0xCB730200  0x00010000  *
0xCB740200  0x00000C00  +
0xCB740E00  0x00000200  -
0xCB741000  0x0001F400  *
0xCB760400  0x00027A00  +
0xCB787E00  0x00000200  -
0xCB788000  0x00016E00  *
0xCB79EE00  0x000DDC00  +
0xCB87CA00  0x00010000  *
0xCB88CA00  0x0000D400  +
0xCB899E00  0x00000200  -
0xCB89A000  0x00002C00  *
0xCB89CC00  0x00006200  +
0xCB8A2E00  0x00000200  -
0xCB8A3000  0x00009E00  *
0xCB8ACE00  0x00005000  +
0xCB8B1E00  0x00000200  -
0xCB8B2000  0x0000B000  *
0xCB8BD000  0x00090000  +
0xCB94D000  0x00010000  *
0xCB95D000  0x00010000  +
0xCB96D000  0x00010000  *
0xCB97D000  0x0000CE00  +
0xCB989E00  0x00000200  -
0xCB98A000  0x00003200  *
0xCB98D200  0x00060000  +
0xCB9ED200  0x00010000  *
0xCB9FD200  0x00020000  +
0xCBA1D200  0x00010000  *
0xCBA2D200  0x000E0000  +
0xCBB0D200  0x00010000  *
0xCBB1D200  0x00010000  +
0xCBB2D200  0x00010000  *
0xCBB3D200  0x00080000  +
0xCBBBD200  0x00010000  *
0xCBBCD200  0x000A0000  +
0xCBC6D200  0x00010000  *
0xCBC7D200  0x00020000  +
0xCBC9D200  0x00010000  *
0xCBCAD200  0x00060000  +
0xCBD0D200  0x00010000  *
0xCBD1D200  0x00010000  +
0xCBD2D200  0x00010000  *
0xCBD3D200  0x00004C00  +
0xCBD41E00  0x00000200  -
0xCBD42000  0x0000B400  *
0xCBD4D400  0x000F0000  +
0xCBE3D400  0x00010000  *
0xCBE4D400  0x00030000  +
0xCBE7D400  0x00010000  *
0xCBE8D400  0x00002A00  +
0xCBE8FE00  0x00000200  -
0xCBE90000  0x0000D600  *
0xCBE9D600  0x00005800  +
0xCBEA2E00  0x00000200  -
0xCBEA3000  0x0000A800  *
0xCBEAD800  0x00004600  +
0xCBEB1E00  0x00000200  -
0xCBEB2000  0x0000BA00  *
0xCBEBDA00  0x00004400  +
0xCBEC1E00  0x00000200  -
0xCBEC2000  0x0000BC00  *
0xCBECDC00  0x00008200  +
0xCBED5E00  0x00000200  -
0xCBED6000  0x00007E00  *
0xCBEDDE00  0x00000200  -
0xCBEDE000  0x00010000  *
0xCBEEE000  0x00004E00  +
0xCBEF2E00  0x00000200  -
0xCBEF3000  0x0001B200  *
0xCBF0E200  0x0000FC00  +
0xCBF1DE00  0x00000200  -
0xCBF1E000  0x00026800  *
0xCBF44800  0x0001F600  +
0xCBF63E00  0x00000200  -
0xCBF64000  0x0002DA00  *
0xCBF91A00  0x002BB400  +
0xCC24CE00  0x00010000  *
0xCC25CE00  0x00005000  +
0xCC261E00  0x00000200  -
0xCC262000  0x0000B000  *
0xCC26D000  0x00007E00  +
0xCC274E00  0x00000200  -
0xCC275000  0x00008200  *
0xCC27D200  0x00010000  +
0xCC28D200  0x00010000  *
0xCC29D200  0x0000EC00  +
0xCC2ABE00  0x00000200  -
0xCC2AC000  0x00001400  *
0xCC2AD400  0x00000200  -
0xCC2AD600  0x00010000  *
0xCC2BD600  0x00090000  +
0xCC34D600  0x00010000  *
0xCC35D600  0x00160000  +
0xCC4BD600  0x00010000  *
0xCC4CD600  0x00010000  +
0xCC4DD600  0x00010000  *
0xCC4ED600  0x00090000  +
0xCC57D600  0x00010000  *
0xCC58D600  0x002E0000  +
0xCC86D600  0x00010000  *
0xCC87D600  0x004B0000  +
0xCCD2D600  0x00010000  *
0xCCD3D600  0x00050000  +
0xCCD8D600  0x00010000  *
0xCCD9D600  0x00180000  +
0xCCF1D600  0x00010000  *
0xCCF2D600  0x00060000  +
0xCCF8D600  0x00010000  *
0xCCF9D600  0x00270000  +
0xCD20D600  0x00010000  *
0xCD21D600  0x00040000  +
0xCD25D600  0x00010000  *
0xCD26D600  0x00010000  +
0xCD27D600  0x00010000  *
0xCD28D600  0x00010000  +
0xCD29D600  0x00010000  *
0xCD2AD600  0x00040000  +
0xCD2ED600  0x00010000  *
0xCD2FD600  0x00260000  +
0xCD55D600  0x00010000  *
0xCD56D600  0x00090000  +
0xCD5FD600  0x00010000  *
0xCD60D600  0x00080000  +
0xCD68D600  0x00010000  *
0xCD69D600  0x00030000  +
0xCD6CD600  0x00010000  *
0xCD6DD600  0x00100000  +
0xCD7DD600  0x00010000  *
0xCD7ED600  0x00020000  +
0xCD80D600  0x00010000  *
0xCD81D600  0x00020000  +
0xCD83D600  0x00010000  *
0xCD84D600  0x00120000  +
0xCD96D600  0x00010000  *
0xCD97D600  0x00040000  +
0xCD9BD600  0x00010000  *
0xCD9CD600  0x00040000  +
0xCDA0D600  0x00010000  *
0xCDA1D600  0x00240000  +
0xCDC5D600  0x00010000  *
0xCDC6D600  0x00090000  +
0xCDCFD600  0x00010000  *
0xCDD0D600  0x01080000  +
0xCED8D600  0x00010000  *
0xCED9D600  0x000D0000  +
0xCEE6D600  0x00010000  *
0xCEE7D600  0x00040000  +
0xCEEBD600  0x00010000  *
0xCEECD600  0x0000E800  +
0xCEEDBE00  0x00000200  -
0xCEEDC000  0x00001800  *
0xCEEDD800  0x00050000  +
0xCEF2D800  0x00010000  *
0xCEF3D800  0x00050000  +
0xCEF8D800  0x00010000  *
0xCEF9D800  0x00000200  -
0xCEF9DA00  0x00010000  *
0xCEFADA00  0x00000400  +
0xCEFADE00  0x00000200  -
0xCEFAE000  0x0001FC00  *
0xCEFCDC00  0x00033200  +
0xCF000E00  0x00000200  -
0xCF001000  0x0000C600  *
0xCF00D600  0x0000D800  +
0xCF01AE00  0x00000200  -
0xCF01B000  0x00002800  *
0xCF01D800  0x00010000  +
0xCF02D800  0x00010000  *
0xCF03D800  0x00009600  +
0xCF046E00  0x00000200  -
0xCF047000  0x00006A00  *
0xCF04DA00  0x00010000  +
0xCF05DA00  0x00010000  *
0xCF06DA00  0x0000F400  +
0xCF07CE00  0x00000200  -
0xCF07D000  0x00000C00  *
0xCF07DC00  0x00000200  -
0xCF07DE00  0x00010000  *
0xCF08DE00  0x00050000  +
0xCF0DDE00  0x00010000  *
0xCF0EDE00  0x00003000  +
0xCF0F0E00  0x00000200  -
0xCF0F1000  0x0000D000  *
0xCF0FE000  0x000E0000  +
0xCF1DE000  0x00010000  *
0xCF1EE000  0x00120000  +
0xCF30E000  0x00010000  *
0xCF31E000  0x00003E00  +
0xCF321E00  0x00000200  -
0xCF322000  0x0000C200  *
0xCF32E200  0x00000200  -
0xCF32E400  0x00010000  *
0xCF33E400  0x01850000  +
0xD0B8E400  0x00010000  *
0xD0B9E400  0x01650000  +
0xD21EE400  0x00010000  *
0xD21FE400  0x00000200  -
0xD21FE600  0x00010000  *
0xD220E600  0x84120000  +
0x15632E600  0x00010000  *
0x15633E600  0x00000200  -
0x15633E800  0x00010000  *
0x15634E800  0x00000200  -
0x15634EA00  0x00020000  *
0x15636EA00  0x10510000  +
0x16687EA00  0x00010000  *
0x16688EA00  0x00000200  -
0x16688EC00  0x00010000  *
0x16689EC00  0x00080000  +
0x16691EC00  0x00010000  *
0x16692EC00  0x00010000  +
0x16693EC00  0x00010000  *
0x16694EC00  0x07A00000  +
0x16E34EC00  0x00010000  *
0x16E35EC00  0x00000200  -
0x16E35EE00  0x00010000  *
0x16E36EE00  0x00000200  -
0x16E36F000  0x00020000  *
0x16E38F000  0x0000B600  +
0x16E39A600  0x00000200  -
0x16E39A800  0x00034A00  *
0x16E3CF200  0x00000200  -
0x16E3CF400  0x00069400  *
0x16E438800  0x53032800  +
0x1C146B000  0x00010000  *
0x1C147B000  0x00000400  +
0x1C147B400  0x00000200  -
0x1C147B600  0x0000FC00  *
0x1C148B200  0x00000200  -
0x1C148B400  0x00010000  *
0x1C149B400  0x00000200  -
0x1C149B600  0x00020000  *
0x1C14BB600  0x12250000  +
0x1D370B600  0x00010000  *
0x1D371B600  0x01520000  +
0x1D4C3B600  0x00010000  *
0x1D4C4B600  0x00000200  -
0x1D4C4B800  0x00010000  *
0x1D4C5B800  0x022A0000  +
0x1D6EFB800  0x00010000  *
0x1D6F0B800  0x0000E600  +
0x1D6F19E00  0x00000200  -
0x1D6F1A000  0x00001A00  *
0x1D6F1BA00  0x004F0000  +
0x1D740BA00  0x00010000  *
0x1D741BA00  0x06CC0000  +
0x1DE0DBA00  0x00010000  *
0x1DE0EBA00  0x00FB0000  +
0x1DF09BA00  0x00010000  *
0x1DF0ABA00  0x00000200  -
0x1DF0ABC00  0x00010000  *
0x1DF0BBC00  0x00ED0000  +
0x1DFF8BC00  0x00010000  *
0x1DFF9BC00  0x98860000  +
0x2787FBC00  0x00010000  *
0x27880BC00  0x00000200  -
0x27880BE00  0x00010000  *
0x27881BE00  0x097F0000  +
0x28200BE00  0x00010000  *
0x28201BE00  0x03A50000  +
0x285A6BE00  0x00010000  *
0x285A7BE00  0x01550000  +
0x286FCBE00  0x00010000  *
0x286FDBE00  0x00002200  +
0x286FDE000  0x00000200  -
0x286FDE200  0x0000DE00  *
0x286FEC000  0x00B20000  +
0x287B0C000  0x00010000  *
0x287B1C000  0x00000200  -
0x287B1C200  0x00010000  *
0x287B2C200  0x11B60000  +
0x29968C200  0x00010000  *
0x29969C200  0x00000200  -
0x29969C400  0x00010000  *
0x2996AC400  0x024D0000  +
0x29BB7C400  0x00010000  *
0x29BB8C400  0x00030000  +
0x29BBBC400  0x00010000  *
0x29BBCC400  0x02430000  +
0x29DFFC400  0x00010000  *
0x29E00C400  0x000B0000  +
0x29E0BC400  0x00010000  *
0x29E0CC400  0x00000200  -
0x29E0CC600  0x00010000  *
0x29E0DC600  0x03EE0000  +
0x2A1FBC600  0x00010000  *
0x2A1FCC600  0x07230000  +
0x2A91FC600  0x00010000  *
0x2A920C600  0x00030000  +
0x2A923C600  0x00010000  *
0x2A924C600  0x027D0000  +
0x2ABA1C600  0x00010000  *
0x2ABA2C600  0x00000200  -
0x2ABA2C800  0x00010000  *
0x2ABA3C800  0x004D0000  +
0x2ABF0C800  0x00010000  *
0x2ABF1C800  0x000B0000  +
0x2ABFCC800  0x00010000  *
0x2ABFDC800  0x03960000  +
0x2AF93C800  0x00010000  *
0x2AF94C800  0x00000200  -
0x2AF94CA00  0x00010000  *
0x2AF95CA00  0x01E20000  +
0x2B177CA00  0x00010000  *
0x2B178CA00  0x00000200  -
0x2B178CC00  0x00010000  *
0x2B179CC00  0x00020000  +
0x2B17BCC00  0x00010000  *
0x2B17CCC00  0x00000400  +
0x2B17CD000  0x00000200  -
0x2B17CD200  0x0000FC00  *
0x2B17DCE00  0x00000400  +
0x2B17DD200  0x00000200  -
0x2B17DD400  0x0000FC00  *
0x2B17ED000  0x00000200  -
0x2B17ED200  0x00010000  *
0x2B17FD200  0x00000200  -
0x2B17FD400  0x00020000  *
0x2B181D400  0x00001000  +
0x2B181E400  0x00000200  -
0x2B181E600  0x0003F000  *
0x2B185D600  0x00000400  +
0x2B185DA00  0x00000200  -
0x2B185DC00  0x0007DC00  *
0x2B18DB800  0x03EEB800  +
0x2B57C7000  0x00010000  *
0x2B57D7000  0x025F0000  +
0x2B7DC7000  0x00010000  *
0x2B7DD7000  0x01470000  +
0x2B9247000  0x00010000  *
0x2B9257000  0x01040000  +
0x2BA297000  0x00010000  *
0x2BA2A7000  0x00000200  -
0x2BA2A7200  0x00010000  *
0x2BA2B7200  0x54650000  +
0x30E907200  0xF855FAE00  ?
0x1293F02000  0x10090000  +
