# Rescue Logfile. Created by GNU ddrescue version 1.14
# Command line: ddrescue --direct -i 6291519b -s 8b --try-again --retrim /dev/sda ./rescue.img ./rescue.log
# current_pos  current_status
0xC0008A00     +
#      pos        size  status
0x00000000  0x7F44BE00  +
0x7F44BE00  0x00007800  -
0x7F453600  0x007DE800  +
0x7FC31E00  0x00002000  -
0x7FC33E00  0x001F5000  +
0x7FE28E00  0x00002200  -
0x7FE2B000  0x0013A000  +
0x7FF65000  0x00001E00  -
0x7FF66E00  0x00BA9000  +
0x80B0FE00  0x00010000  -
0x80B1FE00  0x007F9000  +
0x81318E00  0x00010000  -
0x81328E00  0x02B52000  +
0x83E7AE00  0x00010000  -
0x83E8AE00  0x00E17000  +
0x84CA1E00  0x00006200  -
0x84CA8000  0x00001000  +
0x84CA9000  0x00000800  -
0x84CA9800  0x00000800  +
0x84CAA000  0x00004400  -
0x84CAE400  0x00001C00  +
0x84CB0000  0x00000A00  -
0x84CB0A00  0x00000800  +
0x84CB1200  0x00000200  -
0x84CB1400  0x0245BC00  +
0x8710D000  0x00001E00  -
0x8710EE00  0x00009200  +
0x87118000  0x00001000  -
0x87119000  0x00000C00  +
0x87119C00  0x00000400  -
0x8711A000  0x00000400  +
0x8711A400  0x00000400  -
0x8711A800  0x00000800  +
0x8711B000  0x00000200  -
0x8711B200  0x00000200  +
0x8711B400  0x00000600  -
0x8711BA00  0x00000800  +
0x8711C200  0x00000800  -
0x8711CA00  0x00110400  +
0x8722CE00  0x00010000  -
0x8723CE00  0x094D6000  +
0x90712E00  0x00000400  -
0x90713200  0x00000400  +
0x90713600  0x00000200  -
0x90713800  0x08A73600  +
0x99186E00  0x00004E00  -
0x9918BC00  0x00000200  +
0x9918BE00  0x00001000  -
0x9918CE00  0x06F8E000  +
0xA011AE00  0x00002400  -
0xA011D200  0x00000800  +
0xA011DA00  0x00000800  -
0xA011E200  0x00000200  +
0xA011E400  0x00000600  -
0xA011EA00  0x00000200  +
0xA011EC00  0x00000200  -
0xA011EE00  0x00000600  +
0xA011F400  0x00000200  -
0xA011F600  0x00000C00  +
0xA0120200  0x00000400  -
0xA0120600  0x00002800  +
0xA0122E00  0x00000200  -
0xA0123000  0x00001600  +
0xA0124600  0x00000200  -
0xA0124800  0x00005A00  +
0xA012A200  0x00000400  -
0xA012A600  0x00000800  +
0xA012AE00  0x00000600  -
0xA012B400  0x00000400  +
0xA012B800  0x00000200  -
0xA012BA00  0x00000200  +
0xA012BC00  0x00000400  -
0xA012C000  0x0ADCEE00  +
0xAAEFAE00  0x00000200  -
0xAAEFB000  0x005E2E00  +
0xAB4DDE00  0x00007000  -
0xAB4E4E00  0x00000200  +
0xAB4E5000  0x00000600  -
0xAB4E5600  0x00000200  +
0xAB4E5800  0x00000600  -
0xAB4E5E00  0x00000200  +
0xAB4E6000  0x00000200  -
0xAB4E6200  0x00000200  +
0xAB4E6400  0x00000200  -
0xAB4E6600  0x00000600  +
0xAB4E6C00  0x00000200  -
0xAB4E6E00  0x00000400  +
0xAB4E7200  0x00000200  -
0xAB4E7400  0x00000800  +
0xAB4E7C00  0x00000200  -
0xAB4E7E00  0x00000400  +
0xAB4E8200  0x00000600  -
0xAB4E8800  0x00000E00  +
0xAB4E9600  0x00000200  -
0xAB4E9800  0x00000200  +
0xAB4E9A00  0x00000400  -
0xAB4E9E00  0x00001800  +
0xAB4EB600  0x00000600  -
0xAB4EBC00  0x00000200  +
0xAB4EBE00  0x00000800  -
0xAB4EC600  0x00000200  +
0xAB4EC800  0x00000400  -
0xAB4ECC00  0x00000200  +
0xAB4ECE00  0x00000200  -
0xAB4ED000  0x00000200  +
0xAB4ED200  0x00000200  -
0xAB4ED400  0x00000C00  +
0xAB4EE000  0x00000200  -
0xAB4EE200  0x00000800  +
0xAB4EEA00  0x00000200  -
0xAB4EEC00  0x00000200  +
0xAB4EEE00  0x00000200  -
0xAB4EF000  0x00001600  +
0xAB4F0600  0x00000400  -
0xAB4F0A00  0x00000A00  +
0xAB4F1400  0x00000200  -
0xAB4F1600  0x00001800  +
0xAB4F2E00  0x00000200  -
0xAB4F3000  0x00281E00  +
0xAB774E00  0x00000800  -
0xAB775600  0x00000200  +
0xAB775800  0x00000400  -
0xAB775C00  0x00001A00  +
0xAB777600  0x00000200  -
0xAB777800  0x00000A00  +
0xAB778200  0x00000200  -
0xAB778400  0x00003E00  +
0xAB77C200  0x00000200  -
0xAB77C400  0x00000400  +
0xAB77C800  0x00000200  -
0xAB77CA00  0x00003400  +
0xAB77FE00  0x00000200  -
0xAB780000  0x00DF8000  +
0xAC578000  0x00000200  -
0xAC578200  0x00000C00  +
0xAC578E00  0x00000200  -
0xAC579000  0x01614E00  +
0xADB8DE00  0x00003A00  -
0xADB91800  0x00000200  +
0xADB91A00  0x00003E00  -
0xADB95800  0x00000200  +
0xADB95A00  0x00001200  -
0xADB96C00  0x00000200  +
0xADB96E00  0x00000600  -
0xADB97400  0x00000200  +
0xADB97600  0x00001000  -
0xADB98600  0x00000400  +
0xADB98A00  0x00000E00  -
0xADB99800  0x00000200  +
0xADB99A00  0x00001000  -
0xADB9AA00  0x00000200  +
0xADB9AC00  0x00001600  -
0xADB9C200  0x00000200  +
0xADB9C400  0x00000600  -
0xADB9CA00  0x00000200  +
0xADB9CC00  0x00000A00  -
0xADB9D600  0x00000200  +
0xADB9D800  0x00000400  -
0xADB9DC00  0x09541200  +
0xB70DEE00  0x00008600  -
0xB70E7400  0x00000200  +
0xB70E7600  0x00000200  -
0xB70E7800  0x00000400  +
0xB70E7C00  0x00000200  -
0xB70E7E00  0x00003200  +
0xB70EB000  0x00000200  -
0xB70EB200  0x007E5C00  +
0xB78D0E00  0x00000800  -
0xB78D1600  0x00000800  +
0xB78D1E00  0x00000E00  -
0xB78D2C00  0x00000400  +
0xB78D3000  0x00000200  -
0xB78D3200  0x00000200  +
0xB78D3400  0x00000400  -
0xB78D3800  0x00000400  +
0xB78D3C00  0x00001200  -
0xB78D4E00  0x00000200  +
0xB78D5000  0x00000200  -
0xB78D5200  0x00000200  +
0xB78D5400  0x00000E00  -
0xB78D6200  0x00000200  +
0xB78D6400  0x00000400  -
0xB78D6800  0x00000200  +
0xB78D6A00  0x00000200  -
0xB78D6C00  0x00000200  +
0xB78D6E00  0x00001800  -
0xB78D8600  0x00000200  +
0xB78D8800  0x00000200  -
0xB78D8A00  0x00000400  +
0xB78D8E00  0x00000400  -
0xB78D9200  0x00000200  +
0xB78D9400  0x00000200  -
0xB78D9600  0x00000200  +
0xB78D9800  0x00000400  -
0xB78D9C00  0x00000200  +
0xB78D9E00  0x00004200  -
0xB78DE000  0x00000600  +
0xB78DE600  0x00001800  -
0xB78DFE00  0x00000200  +
0xB78E0000  0x00000600  -
0xB78E0600  0x04725800  +
0xBC005E00  0x00000A00  -
0xBC006800  0x00000200  +
0xBC006A00  0x00000200  -
0xBC006C00  0x00000200  +
0xBC006E00  0x00001000  -
0xBC007E00  0x00000400  +
0xBC008200  0x00000800  -
0xBC008A00  0x00000200  +
0xBC008C00  0x00000800  -
0xBC009400  0x00000200  +
0xBC009600  0x00000400  -
0xBC009A00  0x00000600  +
0xBC00A000  0x00000200  -
0xBC00A200  0x00000600  +
0xBC00A800  0x00000400  -
0xBC00AC00  0x01C12200  +
0xBDC1CE00  0x00000600  -
0xBDC1D400  0x00001A00  +
0xBDC1EE00  0x00000200  -
0xBDC1F000  0x0006BE00  +
0xBDC8AE00  0x00000C00  -
0xBDC8BA00  0x00000200  +
0xBDC8BC00  0x00000400  -
0xBDC8C000  0x00000600  +
0xBDC8C600  0x00000200  -
0xBDC8C800  0x00000600  +
0xBDC8CE00  0x00000800  -
0xBDC8D600  0x00001C00  +
0xBDC8F200  0x00000200  -
0xBDC8F400  0x00001E00  +
0xBDC91200  0x00000400  -
0xBDC91600  0x00002800  +
0xBDC93E00  0x00000400  -
0xBDC94200  0x00001C00  +
0xBDC95E00  0x00000200  -
0xBDC96000  0x0000EE00  +
0xBDCA4E00  0x00000800  -
0xBDCA5600  0x00000200  +
0xBDCA5800  0x00000200  -
0xBDCA5A00  0x00000400  +
0xBDCA5E00  0x00000800  -
0xBDCA6600  0x00000200  +
0xBDCA6800  0x00000400  -
0xBDCA6C00  0x00000200  +
0xBDCA6E00  0x00000600  -
0xBDCA7400  0x00000400  +
0xBDCA7800  0x00000400  -
0xBDCA7C00  0x00000200  +
0xBDCA7E00  0x00000800  -
0xBDCA8600  0x00000400  +
0xBDCA8A00  0x00000400  -
0xBDCA8E00  0x00005000  +
0xBDCADE00  0x00000C00  -
0xBDCAEA00  0x00000200  +
0xBDCAEC00  0x00000800  -
0xBDCAF400  0x00000200  +
0xBDCAF600  0x00000200  -
0xBDCAF800  0x00000200  +
0xBDCAFA00  0x00000200  -
0xBDCAFC00  0x00000200  +
0xBDCAFE00  0x00000E00  -
0xBDCB0C00  0x00000200  +
0xBDCB0E00  0x00000600  -
0xBDCB1400  0x00000200  +
0xBDCB1600  0x00001600  -
0xBDCB2C00  0x00000200  +
0xBDCB2E00  0x00000600  -
0xBDCB3400  0x00000200  +
0xBDCB3600  0x00000200  -
0xBDCB3800  0x00000400  +
0xBDCB3C00  0x00000400  -
0xBDCB4000  0x00000A00  +
0xBDCB4A00  0x00000200  -
0xBDCB4C00  0x00001A00  +
0xBDCB6600  0x00000200  -
0xBDCB6800  0x00000600  +
0xBDCB6E00  0x00000A00  -
0xBDCB7800  0x00003600  +
0xBDCBAE00  0x00002000  -
0xBDCBCE00  0x00000200  +
0xBDCBD000  0x00000C00  -
0xBDCBDC00  0x00000200  +
0xBDCBDE00  0x00000200  -
0xBDCBE000  0x00000400  +
0xBDCBE400  0x00000200  -
0xBDCBE600  0x00000C00  +
0xBDCBF200  0x00000200  -
0xBDCBF400  0x00000A00  +
0xBDCBFE00  0x00000800  -
0xBDCC0600  0x00000C00  +
0xBDCC1200  0x00000200  -
0xBDCC1400  0x00000200  +
0xBDCC1600  0x00000200  -
0xBDCC1800  0x00000400  +
0xBDCC1C00  0x00000200  -
0xBDCC1E00  0x00000400  +
0xBDCC2200  0x00000200  -
0xBDCC2400  0x00000200  +
0xBDCC2600  0x00000200  -
0xBDCC2800  0x00000400  +
0xBDCC2C00  0x00000200  -
0xBDCC2E00  0x00000800  +
0xBDCC3600  0x00000200  -
0xBDCC3800  0x00000A00  +
0xBDCC4200  0x00000200  -
0xBDCC4400  0x00000200  +
0xBDCC4600  0x00000200  -
0xBDCC4800  0x00000400  +
0xBDCC4C00  0x00000200  -
0xBDCC4E00  0x00000200  +
0xBDCC5000  0x00000200  -
0xBDCC5200  0x00000400  +
0xBDCC5600  0x00000200  -
0xBDCC5800  0x00000600  +
0xBDCC5E00  0x00000400  -
0xBDCC6200  0x00001C00  +
0xBDCC7E00  0x00000E00  -
0xBDCC8C00  0x00000200  +
0xBDCC8E00  0x00001000  -
0xBDCC9E00  0x00000200  +
0xBDCCA000  0x00000200  -
0xBDCCA200  0x00000200  +
0xBDCCA400  0x00000E00  -
0xBDCCB200  0x00001E00  +
0xBDCCD000  0x00000200  -
0xBDCCD200  0x00001C00  +
0xBDCCEE00  0x00000200  -
0xBDCCF000  0x00015E00  +
0xBDCE4E00  0x00000C00  -
0xBDCE5A00  0x00000600  +
0xBDCE6000  0x00000200  -
0xBDCE6200  0x00000200  +
0xBDCE6400  0x00000200  -
0xBDCE6600  0x00009800  +
0xBDCEFE00  0x00001000  -
0xBDCF0E00  0x00001000  +
0xBDCF1E00  0x00000600  -
0xBDCF2400  0x00000200  +
0xBDCF2600  0x00000400  -
0xBDCF2A00  0x00000400  +
0xBDCF2E00  0x00000600  -
0xBDCF3400  0x00000400  +
0xBDCF3800  0x00000800  -
0xBDCF4000  0x00000200  +
0xBDCF4200  0x00000400  -
0xBDCF4600  0x00000400  +
0xBDCF4A00  0x00000400  -
0xBDCF4E00  0x00000600  +
0xBDCF5400  0x00000600  -
0xBDCF5A00  0x00000800  +
0xBDCF6200  0x00000200  -
0xBDCF6400  0x00000A00  +
0xBDCF6E00  0x00000200  -
0xBDCF7000  0x00000400  +
0xBDCF7400  0x00000200  -
0xBDCF7600  0x00000800  +
0xBDCF7E00  0x00001200  -
0xBDCF9000  0x00001E00  +
0xBDCFAE00  0x00000C00  -
0xBDCFBA00  0x00000200  +
0xBDCFBC00  0x00000400  -
0xBDCFC000  0x00000200  +
0xBDCFC200  0x00000200  -
0xBDCFC400  0x00000800  +
0xBDCFCC00  0x00000200  -
0xBDCFCE00  0x00001000  +
0xBDCFDE00  0x00006C00  -
0xBDD04A00  0x00000400  +
0xBDD04E00  0x00000200  -
0xBDD05000  0x00000200  +
0xBDD05200  0x00000A00  -
0xBDD05C00  0x00000200  +
0xBDD05E00  0x00003000  -
0xBDD08E00  0x00000200  +
0xBDD09000  0x00000200  -
0xBDD09200  0x00000400  +
0xBDD09600  0x00000200  -
0xBDD09800  0x00000200  +
0xBDD09A00  0x00001200  -
0xBDD0AC00  0x00000400  +
0xBDD0B000  0x00000400  -
0xBDD0B400  0x00000200  +
0xBDD0B600  0x00000200  -
0xBDD0B800  0x00000400  +
0xBDD0BC00  0x00000C00  -
0xBDD0C800  0x00000200  +
0xBDD0CA00  0x00004200  -
0xBDD10C00  0x00000200  +
0xBDD10E00  0x00000200  -
0xBDD11000  0x00000200  +
0xBDD11200  0x00000E00  -
0xBDD12000  0x00000200  +
0xBDD12200  0x00000200  -
0xBDD12400  0x00000200  +
0xBDD12600  0x00000400  -
0xBDD12A00  0x00000200  +
0xBDD12C00  0x00000600  -
0xBDD13200  0x00000200  +
0xBDD13400  0x00000200  -
0xBDD13600  0x00000400  +
0xBDD13A00  0x00000200  -
0xBDD13C00  0x00000200  +
0xBDD13E00  0x00000400  -
0xBDD14200  0x00000200  +
0xBDD14400  0x00000600  -
0xBDD14A00  0x00000200  +
0xBDD14C00  0x00000600  -
0xBDD15200  0x00000200  +
0xBDD15400  0x00000800  -
0xBDD15C00  0x00000200  +
0xBDD15E00  0x00000600  -
0xBDD16400  0x00000200  +
0xBDD16600  0x00000200  -
0xBDD16800  0x00000400  +
0xBDD16C00  0x00009200  -
0xBDD1FE00  0x00000200  +
0xBDD20000  0x00003800  -
0xBDD23800  0x00000200  +
0xBDD23A00  0x00000600  -
0xBDD24000  0x00000200  +
0xBDD24200  0x00002400  -
0xBDD26600  0x00000200  +
0xBDD26800  0x00001000  -
0xBDD27800  0x00000400  +
0xBDD27C00  0x00000200  -
0xBDD27E00  0x00000400  +
0xBDD28200  0x00000200  -
0xBDD28400  0x00000400  +
0xBDD28800  0x00000400  -
0xBDD28C00  0x00000400  +
0xBDD29000  0x00000200  -
0xBDD29200  0x00000400  +
0xBDD29600  0x00000600  -
0xBDD29C00  0x00000200  +
0xBDD29E00  0x00000400  -
0xBDD2A200  0x00000C00  +
0xBDD2AE00  0x0000D200  -
0xBDD38000  0x00008E00  +
0xBDD40E00  0x00000400  -
0xBDD41200  0x00000400  +
0xBDD41600  0x00000200  -
0xBDD41800  0x00000600  +
0xBDD41E00  0x00000200  -
0xBDD42000  0x00000A00  +
0xBDD42A00  0x00000200  -
0xBDD42C00  0x00001C00  +
0xBDD44800  0x00000200  -
0xBDD44A00  0x00006400  +
0xBDD4AE00  0x00000400  -
0xBDD4B200  0x00006C00  +
0xBDD51E00  0x00000200  -
0xBDD52000  0x00007400  +
0xBDD59400  0x00000200  -
0xBDD59600  0x00007600  +
0xBDD60C00  0x00000400  -
0xBDD61000  0x00019E00  +
0xBDD7AE00  0x00001000  -
0xBDD7BE00  0x00001000  +
0xBDD7CE00  0x00000600  -
0xBDD7D400  0x00000200  +
0xBDD7D600  0x00000600  -
0xBDD7DC00  0x00000200  +
0xBDD7DE00  0x00003600  -
0xBDD81400  0x00000200  +
0xBDD81600  0x00000E00  -
0xBDD82400  0x00000400  +
0xBDD82800  0x00000C00  -
0xBDD83400  0x00002A00  +
0xBDD85E00  0x00008200  -
0xBDD8E000  0x00000E00  +
0xBDD8EE00  0x00000800  -
0xBDD8F600  0x00001800  +
0xBDD90E00  0x00001800  -
0xBDD92600  0x00000200  +
0xBDD92800  0x00017E00  -
0xBDDAA600  0x00000200  +
0xBDDAA800  0x00001C00  -
0xBDDAC400  0x00000200  +
0xBDDAC600  0x00000200  -
0xBDDAC800  0x00000400  +
0xBDDACC00  0x00000200  -
0xBDDACE00  0x00002000  +
0xBDDAEE00  0x00002200  -
0xBDDB1000  0x00000200  +
0xBDDB1200  0x00003600  -
0xBDDB4800  0x00000200  +
0xBDDB4A00  0x00009200  -
0xBDDBDC00  0x00000200  +
0xBDDBDE00  0x00000200  -
0xBDDBE000  0x00001A00  +
0xBDDBFA00  0x00000200  -
0xBDDBFC00  0x00000E00  +
0xBDDC0A00  0x00000200  -
0xBDDC0C00  0x00002200  +
0xBDDC2E00  0x00000A00  -
0xBDDC3800  0x00000200  +
0xBDDC3A00  0x00002400  -
0xBDDC5E00  0x00006000  +
0xBDDCBE00  0x00000400  -
0xBDDCC200  0x00005C00  +
0xBDDD1E00  0x00001600  -
0xBDDD3400  0x00000200  +
0xBDDD3600  0x00000200  -
0xBDDD3800  0x00000200  +
0xBDDD3A00  0x00000400  -
0xBDDD3E00  0x00000200  +
0xBDDD4000  0x00000200  -
0xBDDD4200  0x00000400  +
0xBDDD4600  0x00000400  -
0xBDDD4A00  0x00001A00  +
0xBDDD6400  0x00000200  -
0xBDDD6600  0x00001200  +
0xBDDD7800  0x00000400  -
0xBDDD7C00  0x00000800  +
0xBDDD8400  0x00000200  -
0xBDDD8600  0x00001800  +
0xBDDD9E00  0x00000A00  -
0xBDDDA800  0x00000600  +
0xBDDDAE00  0x00000C00  -
0xBDDDBA00  0x00000200  +
0xBDDDBC00  0x00000200  -
0xBDDDBE00  0x00001000  +
0xBDDDCE00  0x00000200  -
0xBDDDD000  0x00013E00  +
0xBDDF0E00  0x00000400  -
0xBDDF1200  0x00001C00  +
0xBDDF2E00  0x00000200  -
0xBDDF3000  0x00000E00  +
0xBDDF3E00  0x00006000  -
0xBDDF9E00  0x00004000  +
0xBDDFDE00  0x00000200  -
0xBDDFE000  0x00001E00  +
0xBDDFFE00  0x00000600  -
0xBDE00400  0x00001A00  +
0xBDE01E00  0x00047000  -
0xBDE48E00  0x00000200  +
0xBDE49000  0x00000200  -
0xBDE49200  0x00000200  +
0xBDE49400  0x00000200  -
0xBDE49600  0x00000800  +
0xBDE49E00  0x00000200  -
0xBDE4A000  0x00003E00  +
0xBDE4DE00  0x00012A00  -
0xBDE60800  0x00004600  +
0xBDE64E00  0x00000400  -
0xBDE65200  0x00000400  +
0xBDE65600  0x00000200  -
0xBDE65800  0x00000200  +
0xBDE65A00  0x00000200  -
0xBDE65C00  0x00002200  +
0xBDE67E00  0x00000800  -
0xBDE68600  0x00000800  +
0xBDE68E00  0x00000200  -
0xBDE69000  0x00000400  +
0xBDE69400  0x00000E00  -
0xBDE6A200  0x00000200  +
0xBDE6A400  0x00000400  -
0xBDE6A800  0x00000200  +
0xBDE6AA00  0x00000600  -
0xBDE6B000  0x00000200  +
0xBDE6B200  0x00000200  -
0xBDE6B400  0x00000A00  +
0xBDE6BE00  0x00003800  -
0xBDE6F600  0x00009800  +
0xBDE78E00  0x00000600  -
0xBDE79400  0x00000C00  +
0xBDE7A000  0x00000200  -
0xBDE7A200  0x00000600  +
0xBDE7A800  0x00000200  -
0xBDE7AA00  0x00001000  +
0xBDE7BA00  0x00000600  -
0xBDE7C000  0x00000400  +
0xBDE7C400  0x00000400  -
0xBDE7C800  0x00000400  +
0xBDE7CC00  0x00000400  -
0xBDE7D000  0x00000400  +
0xBDE7D400  0x00000400  -
0xBDE7D800  0x00000200  +
0xBDE7DA00  0x00000600  -
0xBDE7E000  0x00000600  +
0xBDE7E600  0x00005A00  -
0xBDE84000  0x00000200  +
0xBDE84200  0x00000600  -
0xBDE84800  0x00000200  +
0xBDE84A00  0x00001200  -
0xBDE85C00  0x00000200  +
0xBDE85E00  0x00029200  -
0xBDEAF000  0x00000200  +
0xBDEAF200  0x00000800  -
0xBDEAFA00  0x00000200  +
0xBDEAFC00  0x00001400  -
0xBDEB1000  0x00000800  +
0xBDEB1800  0x00000200  -
0xBDEB1A00  0x00000C00  +
0xBDEB2600  0x00000200  -
0xBDEB2800  0x00001400  +
0xBDEB3C00  0x00000C00  -
0xBDEB4800  0x00000200  +
0xBDEB4A00  0x00000200  -
0xBDEB4C00  0x00000200  +
0xBDEB4E00  0x00000200  -
0xBDEB5000  0x00000200  +
0xBDEB5200  0x00000200  -
0xBDEB5400  0x00000A00  +
0xBDEB5E00  0x00000200  -
0xBDEB6000  0x02150000  +
0xC0006000  0x00000400  -
0xC0006400  0x00000A00  +
0xC0006E00  0x00002000  -
0xC0008E00  0x00005000  +
0xC000DE00  0x00001200  -
0xC000F000  0x0000A000  +
0xC0019000  0x00000200  -
0xC0019200  0x00000C00  +
0xC0019E00  0x00001000  -
0xC001AE00  0x0001A000  +
0xC0034E00  0x00000200  -
0xC0035000  0x00001400  +
0xC0036400  0x00000400  -
0xC0036800  0x00005600  +
0xC003BE00  0x00000200  -
0xC003C000  0x00000200  +
0xC003C200  0x00000200  -
0xC003C400  0x00000600  +
0xC003CA00  0x00000200  -
0xC003CC00  0x00001200  +
0xC003DE00  0x00000200  -
0xC003E000  0x00002E00  +
0xC0040E00  0x00001000  -
0xC0041E00  0x00015000  +
0xC0056E00  0x00004400  -
0xC005B200  0x00000200  +
0xC005B400  0x00001600  -
0xC005CA00  0x00000200  +
0xC005CC00  0x00003400  -
0xC0060000  0x00067000  +
0xC00C7000  0x00000400  -
0xC00C7400  0x00000A00  +
0xC00C7E00  0x00002200  -
0xC00CA000  0x000BFE00  +
0xC0189E00  0x00001200  -
0xC018B000  0x0002FE00  +
0xC01BAE00  0x00000200  -
0xC01BB000  0x00000200  +
0xC01BB200  0x00000200  -
0xC01BB400  0x00000A00  +
0xC01BBE00  0x00000200  -
0xC01BC000  0x000D2000  +
0xC028E000  0x00000200  -
0xC028E200  0x00000E00  +
0xC028F000  0x00000400  -
0xC028F400  0x00000600  +
0xC028FA00  0x00000200  -
0xC028FC00  0x00001200  +
0xC0290E00  0x00001200  -
0xC0292000  0x0003A000  +
0xC02CC000  0x00000400  -
0xC02CC400  0x00000A00  +
0xC02CCE00  0x00000200  -
0xC02CD000  0x0003BE00  +
0xC0308E00  0x00002200  -
0xC030B000  0x00017000  +
0xC0322000  0x00000200  -
0xC0322200  0x00000C00  +
0xC0322E00  0x00000C00  -
0xC0323A00  0x00000200  +
0xC0323C00  0x00000400  -
0xC0324000  0x00005000  +
0xC0329000  0x00000200  -
0xC0329200  0x00000C00  +
0xC0329E00  0x00000200  -
0xC032A000  0x000F6000  +
0xC0420000  0x00000400  -
0xC0420400  0x00000A00  +
0xC0420E00  0x00000200  -
0xC0421000  0x000C8E00  +
0xC04E9E00  0x00001200  -
0xC04EB000  0x00008E00  +
0xC04F3E00  0x00001000  -
0xC04F4E00  0x00004000  +
0xC04F8E00  0x00001200  -
0xC04FA000  0x000F8000  +
0xC05F2000  0x00000200  -
0xC05F2200  0x00000E00  +
0xC05F3000  0x00000200  -
0xC05F3200  0x00000A00  +
0xC05F3C00  0x00000400  -
0xC05F4000  0x001EBE00  +
0xC07DFE00  0x00000400  -
0xC07E0200  0x00000200  +
0xC07E0400  0x00000C00  -
0xC07E1000  0x000A6E00  +
0xC0887E00  0x00000A00  -
0xC0888800  0x00000600  +
0xC0888E00  0x00000200  -
0xC0889000  0x00024E00  +
0xC08ADE00  0x00000200  -
0xC08AE000  0x00000200  +
0xC08AE200  0x00000200  -
0xC08AE400  0x00000200  +
0xC08AE600  0x00000A00  -
0xC08AF000  0x0003A000  +
0xC08E9000  0x00000200  -
0xC08E9200  0x00000200  +
0xC08E9400  0x00000200  -
0xC08E9600  0x00003400  +
0xC08ECA00  0x00000600  -
0xC08ED000  0x00018E00  +
0xC0905E00  0x00001000  -
0xC0906E00  0x00001000  +
0xC0907E00  0x00000200  -
0xC0908000  0x00000200  +
0xC0908200  0x00000600  -
0xC0908800  0x00001600  +
0xC0909E00  0x00001200  -
0xC090B000  0x00008000  +
0xC0913000  0x00000200  -
0xC0913200  0x00000C00  +
0xC0913E00  0x00000200  -
0xC0914000  0x00000200  +
0xC0914200  0x00000200  -
0xC0914400  0x00000200  +
0xC0914600  0x00000200  -
0xC0914800  0x00000200  +
0xC0914A00  0x00000200  -
0xC0914C00  0x00001200  +
0xC0915E00  0x00000200  -
0xC0916000  0x00002000  +
0xC0918000  0x00000200  -
0xC0918200  0x00000800  +
0xC0918A00  0x00000200  -
0xC0918C00  0x00000200  +
0xC0918E00  0x00000200  -
0xC0919000  0x0005A000  +
0xC0973000  0x00000400  -
0xC0973400  0x00000A00  +
0xC0973E00  0x00000800  -
0xC0974600  0x00000600  +
0xC0974C00  0x00000400  -
0xC0975000  0x0003FE00  +
0xC09B4E00  0x00000200  -
0xC09B5000  0x00000E00  +
0xC09B5E00  0x00000200  -
0xC09B6000  0x00041000  +
0xC09F7000  0x00000200  -
0xC09F7200  0x00000400  +
0xC09F7600  0x00000A00  -
0xC09F8000  0x00028E00  +
0xC0A20E00  0x00000800  -
0xC0A21600  0x00000200  +
0xC0A21800  0x00000800  -
0xC0A22000  0x00102E00  +
0xC0B24E00  0x00001200  -
0xC0B26000  0x00016000  +
0xC0B3C000  0x00000200  -
0xC0B3C200  0x00000C00  +
0xC0B3CE00  0x00000C00  -
0xC0B3DA00  0x00000400  +
0xC0B3DE00  0x00000200  -
0xC0B3E000  0x0005A000  +
0xC0B98000  0x00000400  -
0xC0B98400  0x00000A00  +
0xC0B98E00  0x00001400  -
0xC0B9A200  0x00000600  +
0xC0B9A800  0x00000400  -
0xC0B9AC00  0x00002200  +
0xC0B9CE00  0x00001000  -
0xC0B9DE00  0x00005000  +
0xC0BA2E00  0x00000800  -
0xC0BA3600  0x00000200  +
0xC0BA3800  0x00000200  -
0xC0BA3A00  0x00004400  +
0xC0BA7E00  0x00000E00  -
0xC0BA8C00  0x00000200  +
0xC0BA8E00  0x00000200  -
0xC0BA9000  0x0026B000  +
0xC0E14000  0x00000400  -
0xC0E14400  0x00000A00  +
0xC0E14E00  0x00001200  -
0xC0E16000  0x0005E200  +
0xC0E74200  0x00000400  -
0xC0E74600  0x00000800  +
0xC0E74E00  0x00000400  -
0xC0E75200  0x00000200  +
0xC0E75400  0x00000600  -
0xC0E75A00  0x0000D400  +
0xC0E82E00  0x00001200  -
0xC0E84000  0x00025000  +
0xC0EA9000  0x00000400  -
0xC0EA9400  0x00000A00  +
0xC0EA9E00  0x00001200  -
0xC0EAB000  0x000A5E00  +
0xC0F50E00  0x00002200  -
0xC0F53000  0x00038E00  +
0xC0F8BE00  0x00001000  -
0xC0F8CE00  0x00002000  +
0xC0F8EE00  0x00000200  -
0xC0F8F000  0x00000E00  +
0xC0F8FE00  0x00000200  -
0xC0F90000  0x002B0E00  +
0xC1240E00  0x00000600  -
0xC1241400  0x00000200  +
0xC1241600  0x00000400  -
0xC1241A00  0x00000400  +
0xC1241E00  0x00000200  -
0xC1242000  0x00034E00  +
0xC1276E00  0x00000600  -
0xC1277400  0x00000200  +
0xC1277600  0x00000200  -
0xC1277800  0x00000400  +
0xC1277C00  0x00000400  -
0xC1278000  0x0005F000  +
0xC12D7000  0x00000400  -
0xC12D7400  0x00000A00  +
0xC12D7E00  0x00001200  -
0xC12D9000  0x0003DE00  +
0xC1316E00  0x00001E00  -
0xC1318C00  0x00000200  +
0xC1318E00  0x00000200  -
0xC1319000  0x00012000  +
0xC132B000  0x00000200  -
0xC132B200  0x00000C00  +
0xC132BE00  0x00000C00  -
0xC132CA00  0x00000200  +
0xC132CC00  0x00000200  -
0xC132CE00  0x00007000  +
0xC1333E00  0x00001000  -
0xC1334E00  0x00001000  +
0xC1335E00  0x00001000  -
0xC1336E00  0x00009000  +
0xC133FE00  0x00000800  -
0xC1340600  0x00000600  +
0xC1340C00  0x00000400  -
0xC1341000  0x00042E00  +
0xC1383E00  0x00002200  -
0xC1386000  0x00016000  +
0xC139C000  0x00000200  -
0xC139C200  0x00000C00  +
0xC139CE00  0x00001200  -
0xC139E000  0x00008000  +
0xC13A6000  0x00000200  -
0xC13A6200  0x00000C00  +
0xC13A6E00  0x00001000  -
0xC13A7E00  0x00007000  +
0xC13AEE00  0x00000800  -
0xC13AF600  0x00000800  +
0xC13AFE00  0x00000200  -
0xC13B0000  0x00007000  +
0xC13B7000  0x00000200  -
0xC13B7200  0x00000C00  +
0xC13B7E00  0x00001600  -
0xC13B9400  0x00000200  +
0xC13B9600  0x00000600  -
0xC13B9C00  0x00000200  +
0xC13B9E00  0x00000200  -
0xC13BA000  0x00010000  +
0xC13CA000  0x00000200  -
0xC13CA200  0x00000C00  +
0xC13CAE00  0x00001200  -
0xC13CC000  0x00140200  +
0xC150C200  0x00000200  -
0xC150C400  0x00000200  +
0xC150C600  0x00000200  -
0xC150C800  0x00000600  +
0xC150CE00  0x00000200  -
0xC150D000  0x0000C000  +
0xC1519000  0x00000200  -
0xC1519200  0x00000C00  +
0xC1519E00  0x00000600  -
0xC151A400  0x00000200  +
0xC151A600  0x00000200  -
0xC151A800  0x00000400  +
0xC151AC00  0x00000200  -
0xC151AE00  0x00002000  +
0xC151CE00  0x00000800  -
0xC151D600  0x00000200  +
0xC151D800  0x00000800  -
0xC151E000  0x00017E00  +
0xC1535E00  0x00001200  -
0xC1537000  0x0002CE00  +
0xC1563E00  0x00000200  -
0xC1564000  0x00000200  +
0xC1564200  0x00000200  -
0xC1564400  0x00000800  +
0xC1564C00  0x00000400  -
0xC1565000  0x0003FE00  +
0xC15A4E00  0x00001200  -
0xC15A6000  0x0006DE00  +
0xC1613E00  0x00000200  -
0xC1614000  0x00000200  +
0xC1614200  0x00000400  -
0xC1614600  0x00000800  +
0xC1614E00  0x00001000  -
0xC1615E00  0x00007000  +
0xC161CE00  0x00000600  -
0xC161D400  0x00000200  +
0xC161D600  0x00000200  -
0xC161D800  0x00008600  +
0xC1625E00  0x00001200  -
0xC1627000  0x0000B000  +
0xC1632000  0x00000200  -
0xC1632200  0x00000C00  +
0xC1632E00  0x00002200  -
0xC1635000  0x000EFE00  +
0xC1724E00  0x00001200  -
0xC1726000  0x000B7E00  +
0xC17DDE00  0x00001200  -
0xC17DF000  0x00042000  +
0xC1821000  0x00000400  -
0xC1821400  0x00000A00  +
0xC1821E00  0x00000800  -
0xC1822600  0x00000400  +
0xC1822A00  0x00000200  -
0xC1822C00  0x00004200  +
0xC1826E00  0x00000A00  -
0xC1827800  0x00000400  +
0xC1827C00  0x00000200  -
0xC1827E00  0x00001000  +
0xC1828E00  0x00002200  -
0xC182B000  0x0000E000  +
0xC1839000  0x00000400  -
0xC1839400  0x00000A00  +
0xC1839E00  0x00002000  -
0xC183BE00  0x00001000  +
0xC183CE00  0x00000600  -
0xC183D400  0x00000200  +
0xC183D600  0x00000200  -
0xC183D800  0x00000400  +
0xC183DC00  0x00000200  -
0xC183DE00  0x00002000  +
0xC183FE00  0x00000800  -
0xC1840600  0x00000200  +
0xC1840800  0x00000200  -
0xC1840A00  0x00001400  +
0xC1841E00  0x00001000  -
0xC1842E00  0x00004000  +
0xC1846E00  0x00000400  -
0xC1847200  0x00000C00  +
0xC1847E00  0x00001000  -
0xC1848E00  0x00000200  +
0xC1849000  0x00000600  -
0xC1849600  0x00000E00  +
0xC184A400  0x00000200  -
0xC184A600  0x00000200  +
0xC184A800  0x00000200  -
0xC184AA00  0x00000200  +
0xC184AC00  0x00000400  -
0xC184B000  0x0001C000  +
0xC1867000  0x00000200  -
0xC1867200  0x00000200  +
0xC1867400  0x00000400  -
0xC1867800  0x00000400  +
0xC1867C00  0x00000200  -
0xC1867E00  0x00008000  +
0xC186FE00  0x00000600  -
0xC1870400  0x00000A00  +
0xC1870E00  0x00000200  -
0xC1871000  0x0000F000  +
0xC1880000  0x00000200  -
0xC1880200  0x00000C00  +
0xC1880E00  0x00000400  -
0xC1881200  0x00000200  +
0xC1881400  0x00000200  -
0xC1881600  0x00001000  +
0xC1882600  0x00000400  -
0xC1882A00  0x00002400  +
0xC1884E00  0x00000400  -
0xC1885200  0x00000A00  +
0xC1885C00  0x00000200  -
0xC1885E00  0x00000400  +
0xC1886200  0x00000400  -
0xC1886600  0x00000800  +
0xC1886E00  0x00000600  -
0xC1887400  0x00000400  +
0xC1887800  0x00000200  -
0xC1887A00  0x00008400  +
0xC188FE00  0x00002000  -
0xC1891E00  0x00001000  +
0xC1892E00  0x00001200  -
0xC1894000  0x00003000  +
0xC1897000  0x00000200  -
0xC1897200  0x00000C00  +
0xC1897E00  0x00001000  -
0xC1898E00  0x00007000  +
0xC189FE00  0x00001000  -
0xC18A0E00  0x00002000  +
0xC18A2E00  0x00000200  -
0xC18A3000  0x00001E00  +
0xC18A4E00  0x00000200  -
0xC18A5000  0x0000BE00  +
0xC18B0E00  0x00000200  -
0xC18B1000  0x00025E00  +
0xC18D6E00  0x00000600  -
0xC18D7400  0x00000400  +
0xC18D7800  0x00000400  -
0xC18D7C00  0x00008200  +
0xC18DFE00  0x00000400  -
0xC18E0200  0x00005E00  +
0xC18E6000  0x00000200  -
0xC18E6200  0x00000C00  +
0xC18E6E00  0x00000C00  -
0xC18E7A00  0x00008800  +
0xC18F0200  0x00000200  -
0xC18F0400  0x0000FC00  +
0xC1900000  0x00000200  -
0xC1900200  0x00000200  +
0xC1900400  0x00000400  -
0xC1900800  0x00000600  +
0xC1900E00  0x00000600  -
0xC1901400  0x00000400  +
0xC1901800  0x00000200  -
0xC1901A00  0x00000200  +
0xC1901C00  0x00000200  -
0xC1901E00  0x0000C000  +
0xC190DE00  0x00001200  -
0xC190F000  0x00002000  +
0xC1911000  0x00000200  -
0xC1911200  0x00000C00  +
0xC1911E00  0x00000800  -
0xC1912600  0x00000200  +
0xC1912800  0x00000200  -
0xC1912A00  0x00000200  +
0xC1912C00  0x00000200  -
0xC1912E00  0x00004000  +
0xC1916E00  0x00000200  -
0xC1917000  0x00000200  +
0xC1917200  0x00000600  -
0xC1917800  0x00000A00  +
0xC1918200  0x00000200  -
0xC1918400  0x00000600  +
0xC1918A00  0x00000600  -
0xC1919000  0x00000A00  +
0xC1919A00  0x00000200  -
0xC1919C00  0x00000200  +
0xC1919E00  0x00000200  -
0xC191A000  0x00028E00  +
0xC1942E00  0x00001200  -
0xC1944000  0x00014000  +
0xC1958000  0x00000200  -
0xC1958200  0x00000C00  +
0xC1958E00  0x00000A00  -
0xC1959800  0x00003600  +
0xC195CE00  0x00000400  -
0xC195D200  0x00000200  +
0xC195D400  0x00000200  -
0xC195D600  0x00001800  +
0xC195EE00  0x00001200  -
0xC1960000  0x0001F000  +
0xC197F000  0x00000200  -
0xC197F200  0x00000C00  +
0xC197FE00  0x00000200  -
0xC1980000  0x00029000  +
0xC19A9000  0x00000400  -
0xC19A9400  0x00001A00  +
0xC19AAE00  0x00002200  -
0xC19AD000  0x00091E00  +
0xC1A3EE00  0x00001A00  -
0xC1A40800  0x00000200  +
0xC1A40A00  0x00000600  -
0xC1A41000  0x000AE000  +
0xC1AEF000  0x00000400  -
0xC1AEF400  0x00000A00  +
0xC1AEFE00  0x00001000  -
0xC1AF0E00  0x00005000  +
0xC1AF5E00  0x00000A00  -
0xC1AF6800  0x00007600  +
0xC1AFDE00  0x00000A00  -
0xC1AFE800  0x00000200  +
0xC1AFEA00  0x00000600  -
0xC1AFF000  0x00028E00  +
0xC1B27E00  0x00001200  -
0xC1B29000  0x0001EE00  +
0xC1B47E00  0x00001400  -
0xC1B49200  0x00000200  +
0xC1B49400  0x00000400  -
0xC1B49800  0x00000600  +
0xC1B49E00  0x00000200  -
0xC1B4A000  0x00017E00  +
0xC1B61E00  0x00001200  -
0xC1B63000  0x00029000  +
0xC1B8C000  0x00000400  -
0xC1B8C400  0x00000A00  +
0xC1B8CE00  0x00001200  -
0xC1B8E000  0x0002B000  +
0xC1BB9000  0x00000200  -
0xC1BB9200  0x00000C00  +
0xC1BB9E00  0x00000800  -
0xC1BBA600  0x00000200  +
0xC1BBA800  0x00000800  -
0xC1BBB000  0x00058E00  +
0xC1C13E00  0x00001200  -
0xC1C15000  0x00130E00  +
0xC1D45E00  0x00000400  -
0xC1D46200  0x00000200  +
0xC1D46400  0x00000A00  -
0xC1D46E00  0x00004000  +
0xC1D4AE00  0x00000800  -
0xC1D4B600  0x00000E00  +
0xC1D4C400  0x00000200  -
0xC1D4C600  0x00003A00  +
0xC1D50000  0x00000200  -
0xC1D50200  0x00000C00  +
0xC1D50E00  0x00001000  -
0xC1D51E00  0x00003000  +
0xC1D54E00  0x00001000  -
0xC1D55E00  0x00002000  +
0xC1D57E00  0x00001000  -
0xC1D58E00  0x00000800  +
0xC1D59600  0x00000200  -
0xC1D59800  0x00000600  +
0xC1D59E00  0x00001200  -
0xC1D5B000  0x00005000  +
0xC1D60000  0x00000200  -
0xC1D60200  0x00000C00  +
0xC1D60E00  0x00001000  -
0xC1D61E00  0x00003000  +
0xC1D64E00  0x00002E00  -
0xC1D67C00  0x00000200  +
0xC1D67E00  0x00001800  -
0xC1D69600  0x00000200  +
0xC1D69800  0x00000A00  -
0xC1D6A200  0x00000200  +
0xC1D6A400  0x00000200  -
0xC1D6A600  0x00000200  +
0xC1D6A800  0x00000600  -
0xC1D6AE00  0x00001000  +
0xC1D6BE00  0x00002200  -
0xC1D6E000  0x00000400  +
0xC1D6E400  0x00000200  -
0xC1D6E600  0x00000200  +
0xC1D6E800  0x00000200  -
0xC1D6EA00  0x00000200  +
0xC1D6EC00  0x00000200  -
0xC1D6EE00  0x00002000  +
0xC1D70E00  0x00001200  -
0xC1D72000  0x00001000  +
0xC1D73000  0x00000200  -
0xC1D73200  0x00000400  +
0xC1D73600  0x00000200  -
0xC1D73800  0x00001600  +
0xC1D74E00  0x00001200  -
0xC1D76000  0x0001A000  +
0xC1D90000  0x00000200  -
0xC1D90200  0x00000C00  +
0xC1D90E00  0x00000200  -
0xC1D91000  0x00000200  +
0xC1D91200  0x00000200  -
0xC1D91400  0x00000200  +
0xC1D91600  0x00000400  -
0xC1D91A00  0x00004400  +
0xC1D95E00  0x00001000  -
0xC1D96E00  0x00002000  +
0xC1D98E00  0x00000200  -
0xC1D99000  0x00000200  +
0xC1D99200  0x00000600  -
0xC1D99800  0x00000600  +
0xC1D99E00  0x00000200  -
0xC1D9A000  0x00059000  +
0xC1DF3000  0x00000400  -
0xC1DF3400  0x00000A00  +
0xC1DF3E00  0x00000400  -
0xC1DF4200  0x00000200  +
0xC1DF4400  0x00000400  -
0xC1DF4800  0x00000200  +
0xC1DF4A00  0x00000600  -
0xC1DF5000  0x000C6E00  +
0xC1EBBE00  0x00000600  -
0xC1EBC400  0x00000200  +
0xC1EBC600  0x00000200  -
0xC1EBC800  0x00000400  +
0xC1EBCC00  0x00000200  -
0xC1EBCE00  0x00001000  +
0xC1EBDE00  0x00000200  -
0xC1EBE000  0x00000400  +
0xC1EBE400  0x00000200  -
0xC1EBE600  0x00000200  +
0xC1EBE800  0x00000200  -
0xC1EBEA00  0x00002400  +
0xC1EC0E00  0x00000200  -
0xC1EC1000  0x00000E00  +
0xC1EC1E00  0x00000200  -
0xC1EC2000  0x00002000  +
0xC1EC4000  0x00000200  -
0xC1EC4200  0x00000C00  +
0xC1EC4E00  0x00000400  -
0xC1EC5200  0x00000200  +
0xC1EC5400  0x00000600  -
0xC1EC5A00  0x00000200  +
0xC1EC5C00  0x00001400  -
0xC1EC7000  0x00000200  +
0xC1EC7200  0x00000400  -
0xC1EC7600  0x00000200  +
0xC1EC7800  0x00000200  -
0xC1EC7A00  0x00000200  +
0xC1EC7C00  0x00000200  -
0xC1EC7E00  0x00001000  +
0xC1EC8E00  0x00000200  -
0xC1EC9000  0x00000C00  +
0xC1EC9C00  0x00000400  -
0xC1ECA000  0x00159400  +
0xC2023400  0x00000400  -
0xC2023800  0x00000600  +
0xC2023E00  0x00001000  -
0xC2024E00  0x00006000  +
0xC202AE00  0x00000600  -
0xC202B400  0x00000200  +
0xC202B600  0x00000400  -
0xC202BA00  0x00000200  +
0xC202BC00  0x00000200  -
0xC202BE00  0x00004000  +
0xC202FE00  0x00000600  -
0xC2030400  0x00000400  +
0xC2030800  0x00000200  -
0xC2030A00  0x00000400  +
0xC2030E00  0x00000200  -
0xC2031000  0x00073E00  +
0xC20A4E00  0x00000600  -
0xC20A5400  0x00000600  +
0xC20A5A00  0x00000400  -
0xC20A5E00  0x00002000  +
0xC20A7E00  0x00001000  -
0xC20A8E00  0x00005000  +
0xC20ADE00  0x00001200  -
0xC20AF000  0x00016E00  +
0xC20C5E00  0x00000800  -
0xC20C6600  0x00000600  +
0xC20C6C00  0x00000200  -
0xC20C6E00  0x00004000  +
0xC20CAE00  0x00001400  -
0xC20CC200  0x00000200  +
0xC20CC400  0x00000800  -
0xC20CCC00  0x00000600  +
0xC20CD200  0x00000600  -
0xC20CD800  0x00000400  +
0xC20CDC00  0x00000400  -
0xC20CE000  0x00009000  +
0xC20D7000  0x00000200  -
0xC20D7200  0x00000C00  +
0xC20D7E00  0x00000600  -
0xC20D8400  0x00000200  +
0xC20D8600  0x00000200  -
0xC20D8800  0x00000400  +
0xC20D8C00  0x00000200  -
0xC20D8E00  0x00006000  +
0xC20DEE00  0x00001000  -
0xC20DFE00  0x00002000  +
0xC20E1E00  0x00000C00  -
0xC20E2A00  0x00000200  +
0xC20E2C00  0x00000400  -
0xC20E3000  0x00017E00  +
0xC20FAE00  0x00000400  -
0xC20FB200  0x00000200  +
0xC20FB400  0x00000400  -
0xC20FB800  0x00000200  +
0xC20FBA00  0x00000200  -
0xC20FBC00  0x00000200  +
0xC20FBE00  0x00000200  -
0xC20FC000  0x00042E00  +
0xC213EE00  0x00000600  -
0xC213F400  0x00000200  +
0xC213F600  0x00000A00  -
0xC2140000  0x0000A000  +
0xC214A000  0x00000200  -
0xC214A200  0x00000C00  +
0xC214AE00  0x00001200  -
0xC214C000  0x002EF000  +
0xC243B000  0x00000400  -
0xC243B400  0x00000A00  +
0xC243BE00  0x00000800  -
0xC243C600  0x00000200  +
0xC243C800  0x00000800  -
0xC243D000  0x00197E00  +
0xC25D4E00  0x00001400  -
0xC25D6200  0x00000200  +
0xC25D6400  0x00000600  -
0xC25D6A00  0x00000200  +
0xC25D6C00  0x00000400  -
0xC25D7000  0x0000C000  +
0xC25E3000  0x00000200  -
0xC25E3200  0x00000C00  +
0xC25E3E00  0x00000400  -
0xC25E4200  0x00000200  +
0xC25E4400  0x00000400  -
0xC25E4800  0x00000400  +
0xC25E4C00  0x00000400  -
0xC25E5000  0x0021BE00  +
0xC2800E00  0x00001200  -
0xC2802000  0x00044E00  +
0xC2846E00  0x00001200  -
0xC2848000  0x001B6E00  +
0xC29FEE00  0x00003000  -
0xC2A01E00  0x00003000  +
0xC2A04E00  0x00000600  -
0xC2A05400  0x00000A00  +
0xC2A05E00  0x00000200  -
0xC2A06000  0x0003DE00  +
0xC2A43E00  0x00000A00  -
0xC2A44800  0x00000600  +
0xC2A44E00  0x00000200  -
0xC2A45000  0x0041DE00  +
0xC2E62E00  0x00001200  -
0xC2E64000  0x00004000  +
0xC2E68000  0x00000200  -
0xC2E68200  0x00000C00  +
0xC2E68E00  0x00001200  -
0xC2E6A000  0x083D3000  +
0xCB23D000  0x00000400  -
0xCB23D400  0x00000A00  +
0xCB23DE00  0x00001000  -
0xCB23EE00  0x00001000  +
0xCB23FE00  0x00001000  -
0xCB240E00  0x00007000  +
0xCB247E00  0x00001200  -
0xCB249000  0x00194000  +
0xCB3DD000  0x00000400  -
0xCB3DD400  0x00000A00  +
0xCB3DDE00  0x00000800  -
0xCB3DE600  0x00000200  +
0xCB3DE800  0x00000200  -
0xCB3DEA00  0x00000400  +
0xCB3DEE00  0x00000200  -
0xCB3DF000  0x000A6000  +
0xCB485000  0x00000400  -
0xCB485400  0x00000A00  +
0xCB485E00  0x00001200  -
0xCB487000  0x00036E00  +
0xCB4BDE00  0x00001200  -
0xCB4BF000  0x0003E200  +
0xCB4FD200  0x00000200  -
0xCB4FD400  0x00000200  +
0xCB4FD600  0x00000200  -
0xCB4FD800  0x00000200  +
0xCB4FDA00  0x00000200  -
0xCB4FDC00  0x00000200  +
0xCB4FDE00  0x00000200  -
0xCB4FE000  0x00136000  +
0xCB634000  0x00000400  -
0xCB634400  0x00000A00  +
0xCB634E00  0x00001200  -
0xCB636000  0x00021000  +
0xCB657000  0x00000200  -
0xCB657200  0x00000C00  +
0xCB657E00  0x00000200  -
0xCB658000  0x0004DE00  +
0xCB6A5E00  0x00000400  -
0xCB6A6200  0x00000C00  +
0xCB6A6E00  0x00000200  -
0xCB6A7000  0x00080000  +
0xCB727000  0x00000400  -
0xCB727400  0x00000A00  +
0xCB727E00  0x00001000  -
0xCB728E00  0x00004000  +
0xCB72CE00  0x00001000  -
0xCB72DE00  0x00002200  +
0xCB730000  0x00000200  -
0xCB730200  0x00000200  +
0xCB730400  0x00000400  -
0xCB730800  0x00000600  +
0xCB730E00  0x00000200  -
0xCB731000  0x0000F000  +
0xCB740000  0x00000200  -
0xCB740200  0x00000C00  +
0xCB740E00  0x00001000  -
0xCB741E00  0x0000D000  +
0xCB74EE00  0x00001200  -
0xCB750000  0x0000D000  +
0xCB75D000  0x00000200  -
0xCB75D200  0x00000C00  +
0xCB75DE00  0x00001200  -
0xCB75F000  0x00028000  +
0xCB787000  0x00000200  -
0xCB787200  0x00000C00  +
0xCB787E00  0x00001200  -
0xCB789000  0x000F6000  +
0xCB87F000  0x00000400  -
0xCB87F400  0x00000A00  +
0xCB87FE00  0x00001200  -
0xCB881000  0x00018000  +
0xCB899000  0x00000200  -
0xCB899200  0x00000C00  +
0xCB899E00  0x00001000  -
0xCB89AE00  0x00008000  +
0xCB8A2E00  0x00001400  -
0xCB8A4200  0x00000C00  +
0xCB8A4E00  0x00002000  -
0xCB8A6E00  0x00002200  +
0xCB8A9000  0x00000200  -
0xCB8A9200  0x00000200  +
0xCB8A9400  0x00000200  -
0xCB8A9600  0x00000800  +
0xCB8A9E00  0x00000200  -
0xCB8AA000  0x00007000  +
0xCB8B1000  0x00000200  -
0xCB8B1200  0x00000C00  +
0xCB8B1E00  0x00001200  -
0xCB8B3000  0x000A2000  +
0xCB955000  0x00000400  -
0xCB955400  0x00000A00  +
0xCB955E00  0x00001200  -
0xCB957000  0x00019000  +
0xCB970000  0x00000200  -
0xCB970200  0x00000C00  +
0xCB970E00  0x00000600  -
0xCB971400  0x00000A00  +
0xCB971E00  0x00000C00  -
0xCB972A00  0x00000200  +
0xCB972C00  0x00000400  -
0xCB973000  0x00016000  +
0xCB989000  0x00000200  -
0xCB989200  0x00000C00  +
0xCB989E00  0x00000A00  -
0xCB98A800  0x00000200  +
0xCB98AA00  0x00000600  -
0xCB98B000  0x00064000  +
0xCB9EF000  0x00000200  -
0xCB9EF200  0x00000C00  +
0xCB9EFE00  0x00001200  -
0xCB9F1000  0x0011D000  +
0xCBB0E000  0x00000400  -
0xCBB0E400  0x00000A00  +
0xCBB0EE00  0x00000E00  -
0xCBB0FC00  0x00006200  +
0xCBB15E00  0x00000A00  -
0xCBB16800  0x00000200  +
0xCBB16A00  0x00000600  -
0xCBB17000  0x00016000  +
0xCBB2D000  0x00000200  -
0xCBB2D200  0x00000C00  +
0xCBB2DE00  0x00001200  -
0xCBB2F000  0x00090000  +
0xCBBBF000  0x00000400  -
0xCBBBF400  0x00000A00  +
0xCBBBFE00  0x00001200  -
0xCBBC1000  0x000DDE00  +
0xCBC9EE00  0x00001200  -
0xCBCA0000  0x0009BE00  +
0xCBD3BE00  0x00001200  -
0xCBD3D000  0x00004000  +
0xCBD41000  0x00000200  -
0xCBD41200  0x00000C00  +
0xCBD41E00  0x00001000  -
0xCBD42E00  0x00001000  +
0xCBD43E00  0x00000800  -
0xCBD44600  0x00000800  +
0xCBD44E00  0x00000200  -
0xCBD45000  0x0013D000  +
0xCBE82000  0x00000400  -
0xCBE82400  0x00000A00  +
0xCBE82E00  0x00000A00  -
0xCBE83800  0x00000200  +
0xCBE83A00  0x00000400  -
0xCBE83E00  0x0000C000  +
0xCBE8FE00  0x00001200  -
0xCBE91000  0x00030E00  +
0xCBEC1E00  0x00000E00  -
0xCBEC2C00  0x00001200  +
0xCBEC3E00  0x00000E00  -
0xCBEC4C00  0x00000200  +
0xCBEC4E00  0x00000200  -
0xCBEC5000  0x00010000  +
0xCBED5000  0x00000400  -
0xCBED5400  0x00000A00  +
0xCBED5E00  0x00000C00  -
0xCBED6A00  0x00000200  +
0xCBED6C00  0x00000200  -
0xCBED6E00  0x00007000  +
0xCBEDDE00  0x00000400  -
0xCBEDE200  0x00007000  +
0xCBEE5200  0x00000200  -
0xCBEE5400  0x00000C00  +
0xCBEE6000  0x00000200  -
0xCBEE6200  0x00000200  +
0xCBEE6400  0x00000600  -
0xCBEE6A00  0x00001400  +
0xCBEE7E00  0x00001000  -
0xCBEE8E00  0x0000A000  +
0xCBEF2E00  0x00000200  -
0xCBEF3000  0x00000E00  +
0xCBEF3E00  0x00000200  -
0xCBEF4000  0x0003EE00  +
0xCBF32E00  0x00001000  -
0xCBF33E00  0x00005000  +
0xCBF38E00  0x00001000  -
0xCBF39E00  0x00003000  +
0xCBF3CE00  0x00000200  -
0xCBF3D000  0x00026000  +
0xCBF63000  0x00000400  -
0xCBF63400  0x00000A00  +
0xCBF63E00  0x00002000  -
0xCBF65E00  0x0000D000  +
0xCBF72E00  0x00000200  -
0xCBF73000  0x00000200  +
0xCBF73200  0x00000200  -
0xCBF73400  0x002DBC00  +
0xCC24F000  0x00000400  -
0xCC24F400  0x00000A00  +
0xCC24FE00  0x00000400  -
0xCC250200  0x00000C00  +
0xCC250E00  0x00000200  -
0xCC251000  0x00010000  +
0xCC261000  0x00000200  -
0xCC261200  0x00000C00  +
0xCC261E00  0x00001000  -
0xCC262E00  0x00012000  +
0xCC274E00  0x00000400  -
0xCC275200  0x00000200  +
0xCC275400  0x00000400  -
0xCC275800  0x00001600  +
0xCC276E00  0x00000200  -
0xCC277000  0x0001D000  +
0xCC294000  0x00000200  -
0xCC294200  0x00000C00  +
0xCC294E00  0x00001000  -
0xCC295E00  0x00017000  +
0xCC2ACE00  0x00001000  -
0xCC2ADE00  0x00006000  +
0xCC2B3E00  0x00001200  -
0xCC2B5000  0x000A5000  +
0xCC35A000  0x00000400  -
0xCC35A400  0x00000A00  +
0xCC35AE00  0x00001200  -
0xCC35C000  0x0016B000  +
0xCC4C7000  0x00000400  -
0xCC4C7400  0x00000A00  +
0xCC4C7E00  0x00001200  -
0xCC4C9000  0x0001C000  +
0xCC4E5000  0x00000200  -
0xCC4E5200  0x00000C00  +
0xCC4E5E00  0x00001200  -
0xCC4E7000  0x0009F000  +
0xCC586000  0x00000400  -
0xCC586400  0x00000A00  +
0xCC586E00  0x00001200  -
0xCC588000  0x002EE000  +
0xCC876000  0x00000400  -
0xCC876400  0x00000A00  +
0xCC876E00  0x00001000  -
0xCC877E00  0x00002000  +
0xCC879E00  0x00001200  -
0xCC87B000  0x00513E00  +
0xCCD8EE00  0x00000E00  -
0xCCD8FC00  0x00000200  +
0xCCD8FE00  0x00000200  -
0xCCD90000  0x00197000  +
0xCCF27000  0x00000400  -
0xCCF27400  0x00000A00  +
0xCCF27E00  0x00000800  -
0xCCF28600  0x00000200  +
0xCCF28800  0x00000800  -
0xCCF29000  0x0006D000  +
0xCCF96000  0x00000400  -
0xCCF96400  0x00000A00  +
0xCCF96E00  0x00001200  -
0xCCF98000  0x00276000  +
0xCD20E000  0x00000400  -
0xCD20E400  0x00000A00  +
0xCD20EE00  0x00001200  -
0xCD210000  0x0004DE00  +
0xCD25DE00  0x00001200  -
0xCD25F000  0x00026000  +
0xCD285000  0x00000200  -
0xCD285200  0x00000C00  +
0xCD285E00  0x00001200  -
0xCD287000  0x00017000  +
0xCD29E000  0x00000400  -
0xCD29E400  0x00000A00  +
0xCD29EE00  0x00001000  -
0xCD29FE00  0x00001000  +
0xCD2A0E00  0x00000A00  -
0xCD2A1800  0x00000400  +
0xCD2A1C00  0x00000400  -
0xCD2A2000  0x0004BE00  +
0xCD2EDE00  0x00003000  -
0xCD2F0E00  0x00001000  +
0xCD2F1E00  0x00005200  -
0xCD2F7000  0x0026B000  +
0xCD562000  0x00000400  -
0xCD562400  0x00000A00  +
0xCD562E00  0x00001200  -
0xCD564000  0x000A7000  +
0xCD60B000  0x00000400  -
0xCD60B400  0x00000A00  +
0xCD60BE00  0x00001200  -
0xCD60D000  0x000C3E00  +
0xCD6D0E00  0x00001200  -
0xCD6D2000  0x0010D000  +
0xCD7DF000  0x00000400  -
0xCD7DF400  0x00000A00  +
0xCD7DFE00  0x00000400  -
0xCD7E0200  0x00000200  +
0xCD7E0400  0x00000200  -
0xCD7E0600  0x00000200  +
0xCD7E0800  0x00000200  -
0xCD7E0A00  0x00000200  +
0xCD7E0C00  0x00000400  -
0xCD7E1000  0x00038000  +
0xCD819000  0x00000400  -
0xCD819400  0x00000A00  +
0xCD819E00  0x00001200  -
0xCD81B000  0x00155000  +
0xCD970000  0x00000400  -
0xCD970400  0x00000A00  +
0xCD970E00  0x00000800  -
0xCD971600  0x00000200  +
0xCD971800  0x00000800  -
0xCD972000  0x00055E00  +
0xCD9C7E00  0x00000600  -
0xCD9C8400  0x00000200  +
0xCD9C8600  0x00000400  -
0xCD9C8A00  0x00000200  +
0xCD9C8C00  0x00000400  -
0xCD9C9000  0x00052000  +
0xCDA1B000  0x00000400  -
0xCDA1B400  0x00000A00  +
0xCDA1BE00  0x00001200  -
0xCDA1D000  0x00245000  +
0xCDC62000  0x00000400  -
0xCDC62400  0x00000A00  +
0xCDC62E00  0x00000600  -
0xCDC63400  0x00000A00  +
0xCDC63E00  0x00000200  -
0xCDC64000  0x0009AE00  +
0xCDCFEE00  0x00000200  -
0xCDCFF000  0x00000E00  +
0xCDCFFE00  0x00000200  -
0xCDD00000  0x01097000  +
0xCED97000  0x00000400  -
0xCED97400  0x00000A00  +
0xCED97E00  0x00001200  -
0xCED99000  0x000E2000  +
0xCEE7B000  0x00000400  -
0xCEE7B400  0x00000A00  +
0xCEE7BE00  0x00000600  -
0xCEE7C400  0x00000200  +
0xCEE7C600  0x00000200  -
0xCEE7C800  0x00000400  +
0xCEE7CC00  0x00000400  -
0xCEE7D000  0x00042E00  +
0xCEEBFE00  0x00001000  -
0xCEEC0E00  0x00003000  +
0xCEEC3E00  0x00001200  -
0xCEEC5000  0x00016000  +
0xCEEDB000  0x00000200  -
0xCEEDB200  0x00000200  +
0xCEEDB400  0x00000400  -
0xCEEDB800  0x00000600  +
0xCEEDBE00  0x00000200  -
0xCEEDC000  0x00000E00  +
0xCEEDCE00  0x00000200  -
0xCEEDD000  0x00051E00  +
0xCEF2EE00  0x00001200  -
0xCEF30000  0x0006C000  +
0xCEF9C000  0x00000400  -
0xCEF9C400  0x00000A00  +
0xCEF9CE00  0x00001200  -
0xCEF9E000  0x0000F000  +
0xCEFAD000  0x00000200  -
0xCEFAD200  0x00000C00  +
0xCEFADE00  0x00000600  -
0xCEFAE400  0x00000400  +
0xCEFAE800  0x00000200  -
0xCEFAEA00  0x00008800  +
0xCEFB7200  0x00000200  -
0xCEFB7400  0x00000A00  +
0xCEFB7E00  0x00000200  -
0xCEFB8000  0x00048000  +
0xCF000000  0x00000200  -
0xCF000200  0x00000C00  +
0xCF000E00  0x00001000  -
0xCF001E00  0x00003000  +
0xCF004E00  0x00001000  -
0xCF005E00  0x00001000  +
0xCF006E00  0x00001000  -
0xCF007E00  0x00002000  +
0xCF009E00  0x00001200  -
0xCF00B000  0x0000F000  +
0xCF01A000  0x00000200  -
0xCF01A200  0x00000C00  +
0xCF01AE00  0x00001200  -
0xCF01C000  0x00011000  +
0xCF02D000  0x00000200  -
0xCF02D200  0x00000C00  +
0xCF02DE00  0x00001000  -
0xCF02EE00  0x00018000  +
0xCF046E00  0x00001200  -
0xCF048000  0x0001E000  +
0xCF066000  0x00000400  -
0xCF066400  0x00000A00  +
0xCF066E00  0x00002200  -
0xCF069000  0x00013000  +
0xCF07C000  0x00000400  -
0xCF07C400  0x00000A00  +
0xCF07CE00  0x00002200  -
0xCF07F000  0x00062E00  +
0xCF0E1E00  0x00002000  -
0xCF0E3E00  0x00005000  +
0xCF0E8E00  0x00001000  -
0xCF0E9E00  0x00006200  +
0xCF0F0000  0x00000400  -
0xCF0F0400  0x00000A00  +
0xCF0F0E00  0x00001000  -
0xCF0F1E00  0x00002000  +
0xCF0F3E00  0x00000200  -
0xCF0F4000  0x00000200  +
0xCF0F4200  0x00000600  -
0xCF0F4800  0x00003600  +
0xCF0F7E00  0x00000400  -
0xCF0F8200  0x00000200  +
0xCF0F8400  0x00000200  -
0xCF0F8600  0x00000800  +
0xCF0F8E00  0x00000200  -
0xCF0F9000  0x000F1000  +
0xCF1EA000  0x00000400  -
0xCF1EA400  0x00000A00  +
0xCF1EAE00  0x00001200  -
0xCF1EC000  0x00129000  +
0xCF315000  0x00000400  -
0xCF315400  0x00000A00  +
0xCF315E00  0x00001000  -
0xCF316E00  0x00005000  +
0xCF31BE00  0x00001000  -
0xCF31CE00  0x00005000  +
0xCF321E00  0x00001000  -
0xCF322E00  0x00002000  +
0xCF324E00  0x0000E200  -
0xCF333000  0x01863000  +
0xD0B96000  0x00000400  -
0xD0B96400  0x00000A00  +
0xD0B96E00  0x00001200  -
0xD0B98000  0x01662000  +
0xD21FA000  0x00000400  -
0xD21FA400  0x00000A00  +
0xD21FAE00  0x00000E00  -
0xD21FBC00  0x00000200  +
0xD21FBE00  0x00000600  -
0xD21FC400  0x00000400  +
0xD21FC800  0x00000400  -
0xD21FCC00  0x00000200  +
0xD21FCE00  0x00000200  -
0xD21FD000  0x00000200  +
0xD21FD200  0x00000400  -
0xD21FD600  0x00000200  +
0xD21FD800  0x00001000  -
0xD21FE800  0x00000200  +
0xD21FEA00  0x00000200  -
0xD21FEC00  0x00000200  +
0xD21FEE00  0x00000800  -
0xD21FF600  0x00000400  +
0xD21FFA00  0x00000400  -
0xD21FFE00  0x00000200  +
0xD2200000  0x00000400  -
0xD2200400  0x00001000  +
0xD2201400  0x00000200  -
0xD2201600  0x00000A00  +
0xD2202000  0x00000200  -
0xD2202200  0x00001000  +
0xD2203200  0x00000800  -
0xD2203A00  0x00000200  +
0xD2203C00  0x00000200  -
0xD2203E00  0x00001800  +
0xD2205600  0x00000200  -
0xD2205800  0x00000400  +
0xD2205C00  0x00000200  -
0xD2205E00  0x00000400  +
0xD2206200  0x00000200  -
0xD2206400  0x00000200  +
0xD2206600  0x00000200  -
0xD2206800  0x00000400  +
0xD2206C00  0x00000200  -
0xD2206E00  0x00000800  +
0xD2207600  0x00000200  -
0xD2207800  0x00000200  +
0xD2207A00  0x00000400  -
0xD2207E00  0x00000A00  +
0xD2208800  0x00000400  -
0xD2208C00  0x00000600  +
0xD2209200  0x00000800  -
0xD2209A00  0x00000400  +
0xD2209E00  0x00000200  -
0xD220A000  0x00000200  +
0xD220A200  0x00000400  -
0xD220A600  0x00000200  +
0xD220A800  0x00000200  -
0xD220AA00  0x00000200  +
0xD220AC00  0x00000200  -
0xD220AE00  0x00000600  +
0xD220B400  0x00000400  -
0xD220B800  0x00000400  +
0xD220BC00  0x00000400  -
0xD220C000  0x84131000  +
0x15633D000  0x00000400  -
0x15633D400  0x00000A00  +
0x15633DE00  0x00018200  -
0x156356000  0x1052D000  +
0x166883000  0x00000400  -
0x166883400  0x00000600  +
0x166883A00  0x00000200  -
0x166883C00  0x00000200  +
0x166883E00  0x00000200  -
0x166884000  0x000A7E00  +
0x16692BE00  0x00000200  -
0x16692C000  0x07A2DE00  +
0x16E359E00  0x00004600  -
0x16E35E400  0x00000200  +
0x16E35E600  0x00000E00  -
0x16E35F400  0x00000200  +
0x16E35F600  0x00000200  -
0x16E35F800  0x00000200  +
0x16E35FA00  0x00001E00  -
0x16E361800  0x00000600  +
0x16E361E00  0x00000600  -
0x16E362400  0x00000200  +
0x16E362600  0x00000200  -
0x16E362800  0x00000200  +
0x16E362A00  0x00000400  -
0x16E362E00  0x00000200  +
0x16E363000  0x00000200  -
0x16E363200  0x00000200  +
0x16E363400  0x00000600  -
0x16E363A00  0x00000200  +
0x16E363C00  0x00000400  -
0x16E364000  0x00000600  +
0x16E364600  0x00000600  -
0x16E364C00  0x00000200  +
0x16E364E00  0x00000600  -
0x16E365400  0x00000600  +
0x16E365A00  0x00000200  -
0x16E365C00  0x00000200  +
0x16E365E00  0x00000400  -
0x16E366200  0x00000200  +
0x16E366400  0x00000600  -
0x16E366A00  0x00000600  +
0x16E367000  0x00000400  -
0x16E367400  0x00000600  +
0x16E367A00  0x00000400  -
0x16E367E00  0x00000200  +
0x16E368000  0x00000200  -
0x16E368200  0x00000200  +
0x16E368400  0x00000400  -
0x16E368800  0x00000200  +
0x16E368A00  0x00000200  -
0x16E368C00  0x00000200  +
0x16E368E00  0x00000400  -
0x16E369200  0x00000200  +
0x16E369400  0x00000200  -
0x16E369600  0x00000400  +
0x16E369A00  0x00000800  -
0x16E36A200  0x00000C00  +
0x16E36AE00  0x00000200  -
0x16E36B000  0x00000800  +
0x16E36B800  0x00000200  -
0x16E36BA00  0x00000600  +
0x16E36C000  0x00000200  -
0x16E36C200  0x00000600  +
0x16E36C800  0x00000200  -
0x16E36CA00  0x00000200  +
0x16E36CC00  0x00000200  -
0x16E36CE00  0x00000200  +
0x16E36D000  0x00000C00  -
0x16E36DC00  0x00000400  +
0x16E36E000  0x00001C00  -
0x16E36FC00  0x00000400  +
0x16E370000  0x00000200  -
0x16E370200  0x00000200  +
0x16E370400  0x00000400  -
0x16E370800  0x00000200  +
0x16E370A00  0x00000400  -
0x16E370E00  0x00000400  +
0x16E371200  0x00000800  -
0x16E371A00  0x00000200  +
0x16E371C00  0x00000600  -
0x16E372200  0x00000400  +
0x16E372600  0x00000800  -
0x16E372E00  0x00000200  +
0x16E373000  0x00001600  -
0x16E374600  0x00000200  +
0x16E374800  0x00000400  -
0x16E374C00  0x00000200  +
0x16E374E00  0x00000400  -
0x16E375200  0x00000600  +
0x16E375800  0x00000A00  -
0x16E376200  0x00000400  +
0x16E376600  0x00000200  -
0x16E376800  0x00000200  +
0x16E376A00  0x00000400  -
0x16E376E00  0x00000200  +
0x16E377000  0x00000E00  -
0x16E377E00  0x00000200  +
0x16E378000  0x00000200  -
0x16E378200  0x00000200  +
0x16E378400  0x00000200  -
0x16E378600  0x00000A00  +
0x16E379000  0x00000400  -
0x16E379400  0x00000A00  +
0x16E379E00  0x00000200  -
0x16E37A000  0x00000800  +
0x16E37A800  0x00000200  -
0x16E37AA00  0x00002400  +
0x16E37CE00  0x00000200  -
0x16E37D000  0x00000400  +
0x16E37D400  0x00000200  -
0x16E37D600  0x00000800  +
0x16E37DE00  0x00000600  -
0x16E37E400  0x00000400  +
0x16E37E800  0x00000400  -
0x16E37EC00  0x00000600  +
0x16E37F200  0x00000400  -
0x16E37F600  0x00000600  +
0x16E37FC00  0x00000400  -
0x16E380000  0x00000200  +
0x16E380200  0x00000400  -
0x16E380600  0x00000200  +
0x16E380800  0x00000200  -
0x16E380A00  0x00001800  +
0x16E382200  0x00000400  -
0x16E382600  0x00000400  +
0x16E382A00  0x00000200  -
0x16E382C00  0x00006A00  +
0x16E389600  0x00000200  -
0x16E389800  0x00000200  +
0x16E389A00  0x00000200  -
0x16E389C00  0x00000200  +
0x16E389E00  0x00000200  -
0x16E38A000  0x00010600  +
0x16E39A600  0x00000200  -
0x16E39A800  0x00000600  +
0x16E39AE00  0x00000200  -
0x16E39B000  0x00015C00  +
0x16E3B0C00  0x00000200  -
0x16E3B0E00  0x00000A00  +
0x16E3B1800  0x00000400  -
0x16E3B1C00  0x00000600  +
0x16E3B2200  0x00000200  -
0x16E3B2400  0x00001000  +
0x16E3B3400  0x00000400  -
0x16E3B3800  0x00000400  +
0x16E3B3C00  0x00000600  -
0x16E3B4200  0x00002A00  +
0x16E3B6C00  0x00000400  -
0x16E3B7000  0x00001000  +
0x16E3B8000  0x00000200  -
0x16E3B8200  0x00000400  +
0x16E3B8600  0x00000200  -
0x16E3B8800  0x00000A00  +
0x16E3B9200  0x00000200  -
0x16E3B9400  0x00000A00  +
0x16E3B9E00  0x00000400  -
0x16E3BA200  0x00000200  +
0x16E3BA400  0x00000200  -
0x16E3BA600  0x00000200  +
0x16E3BA800  0x00000200  -
0x16E3BAA00  0x00000400  +
0x16E3BAE00  0x00000600  -
0x16E3BB400  0x00005800  +
0x16E3C0C00  0x00000200  -
0x16E3C0E00  0x00004000  +
0x16E3C4E00  0x00000200  -
0x16E3C5000  0x00004000  +
0x16E3C9000  0x00000200  -
0x16E3C9200  0x00000200  +
0x16E3C9400  0x00000200  -
0x16E3C9600  0x00000200  +
0x16E3C9800  0x00000200  -
0x16E3C9A00  0x00000800  +
0x16E3CA200  0x00000200  -
0x16E3CA400  0x00000A00  +
0x16E3CAE00  0x00000200  -
0x16E3CB000  0x00000A00  +
0x16E3CBA00  0x00000200  -
0x16E3CBC00  0x00001000  +
0x16E3CCC00  0x00000200  -
0x16E3CCE00  0x00000800  +
0x16E3CD600  0x00000200  -
0x16E3CD800  0x00000400  +
0x16E3CDC00  0x00000200  -
0x16E3CDE00  0x00000400  +
0x16E3CE200  0x00000200  -
0x16E3CE400  0x00000A00  +
0x16E3CEE00  0x00000600  -
0x16E3CF400  0x00000400  +
0x16E3CF800  0x00000200  -
0x16E3CFA00  0x00002C00  +
0x16E3D2600  0x00000200  -
0x16E3D2800  0x00002A00  +
0x16E3D5200  0x00000200  -
0x16E3D5400  0x00000200  +
0x16E3D5600  0x00000200  -
0x16E3D5800  0x00001600  +
0x16E3D6E00  0x00000400  -
0x16E3D7200  0x00000200  +
0x16E3D7400  0x00000400  -
0x16E3D7800  0x00000800  +
0x16E3D8000  0x00000200  -
0x16E3D8200  0x00000C00  +
0x16E3D8E00  0x00000200  -
0x16E3D9000  0x00000800  +
0x16E3D9800  0x00000200  -
0x16E3D9A00  0x00000400  +
0x16E3D9E00  0x00000200  -
0x16E3DA000  0x53097000  +
0x1C1471000  0x00000400  -
0x1C1471400  0x00000A00  +
0x1C1471E00  0x00000200  -
0x1C1472000  0x00000200  +
0x1C1472200  0x00000200  -
0x1C1472400  0x00000200  +
0x1C1472600  0x00000200  -
0x1C1472800  0x0000EA00  +
0x1C1481200  0x00000400  -
0x1C1481600  0x00000800  +
0x1C1481E00  0x00000C00  -
0x1C1482A00  0x00001800  +
0x1C1484200  0x00000200  -
0x1C1484400  0x00002A00  +
0x1C1486E00  0x00000200  -
0x1C1487000  0x00001200  +
0x1C1488200  0x00000200  -
0x1C1488400  0x00000C00  +
0x1C1489000  0x00000400  -
0x1C1489400  0x00000200  +
0x1C1489600  0x00000C00  -
0x1C148A200  0x00000200  +
0x1C148A400  0x00000400  -
0x1C148A800  0x00000600  +
0x1C148AE00  0x00000200  -
0x1C148B000  0x00000800  +
0x1C148B800  0x00000200  -
0x1C148BA00  0x00000A00  +
0x1C148C400  0x00000200  -
0x1C148C600  0x00000400  +
0x1C148CA00  0x00000200  -
0x1C148CC00  0x00000400  +
0x1C148D000  0x00000200  -
0x1C148D200  0x00000200  +
0x1C148D400  0x00000200  -
0x1C148D600  0x00000A00  +
0x1C148E000  0x00000200  -
0x1C148E200  0x00000200  +
0x1C148E400  0x00000200  -
0x1C148E600  0x00000400  +
0x1C148EA00  0x00000200  -
0x1C148EC00  0x00000800  +
0x1C148F400  0x00000200  -
0x1C148F600  0x00000A00  +
0x1C1490000  0x00000200  -
0x1C1490200  0x00001000  +
0x1C1491200  0x00000600  -
0x1C1491800  0x00000400  +
0x1C1491C00  0x00008000  -
0x1C1499C00  0x00000200  +
0x1C1499E00  0x00001000  -
0x1C149AE00  0x00000200  +
0x1C149B000  0x00000A00  -
0x1C149BA00  0x00000200  +
0x1C149BC00  0x00010000  -
0x1C14ABC00  0x00000200  +
0x1C14ABE00  0x00000400  -
0x1C14AC200  0x00000400  +
0x1C14AC600  0x00000600  -
0x1C14ACC00  0x00000600  +
0x1C14AD200  0x00000200  -
0x1C14AD400  0x00000200  +
0x1C14AD600  0x00000C00  -
0x1C14AE200  0x00000200  +
0x1C14AE400  0x00000200  -
0x1C14AE600  0x00000400  +
0x1C14AEA00  0x00000600  -
0x1C14AF000  0x00000400  +
0x1C14AF400  0x00000200  -
0x1C14AF600  0x00000400  +
0x1C14AFA00  0x00000200  -
0x1C14AFC00  0x00000C00  +
0x1C14B0800  0x00000200  -
0x1C14B0A00  0x00000200  +
0x1C14B0C00  0x00000200  -
0x1C14B0E00  0x00000200  +
0x1C14B1000  0x00000200  -
0x1C14B1200  0x00000800  +
0x1C14B1A00  0x00000600  -
0x1C14B2000  0x1225F000  +
0x1D3711000  0x00000400  -
0x1D3711400  0x00000A00  +
0x1D3711E00  0x00001200  -
0x1D3713000  0x0152C000  +
0x1D4C3F000  0x00000400  -
0x1D4C3F400  0x00000A00  +
0x1D4C3FE00  0x0000E600  -
0x1D4C4E400  0x00000A00  +
0x1D4C4EE00  0x00000200  -
0x1D4C4F000  0x022BA000  +
0x1D6F09000  0x00000400  -
0x1D6F09400  0x00000A00  +
0x1D6F09E00  0x00001000  -
0x1D6F0AE00  0x0000E400  +
0x1D6F19200  0x00000400  -
0x1D6F19600  0x00000800  +
0x1D6F19E00  0x00000400  -
0x1D6F1A200  0x00000200  +
0x1D6F1A400  0x00000600  -
0x1D6F1AA00  0x00000400  +
0x1D6F1AE00  0x00000200  -
0x1D6F1B000  0x071C4E00  +
0x1DE0DFE00  0x00000C00  -
0x1DE0E0A00  0x00000200  +
0x1DE0E0C00  0x00001400  -
0x1DE0E2000  0x00FC7000  +
0x1DF0A9000  0x00000400  -
0x1DF0A9400  0x00000A00  +
0x1DF0A9E00  0x00004800  -
0x1DF0AE600  0x00000800  +
0x1DF0AEE00  0x00000200  -
0x1DF0AF000  0x00EE3000  +
0x1DFF92000  0x00000400  -
0x1DFF92400  0x00000A00  +
0x1DFF92E00  0x00002200  -
0x1DFF95000  0x9886D000  +
0x278802000  0x00000400  -
0x278802400  0x00000A00  +
0x278802E00  0x00000400  -
0x278803200  0x00001C00  +
0x278804E00  0x00000200  -
0x278805000  0x0E7E4E00  +
0x286FE9E00  0x00000600  -
0x286FEA400  0x00000800  +
0x286FEAC00  0x00000400  -
0x286FEB000  0x00B31000  +
0x287B1C000  0x00000800  -
0x287B1C800  0x00000E00  +
0x287B1D600  0x00000200  -
0x287B1D800  0x00002600  +
0x287B1FE00  0x00000200  -
0x287B20000  0x00000200  +
0x287B20200  0x00000200  -
0x287B20400  0x00002A00  +
0x287B22E00  0x00000200  -
0x287B23000  0x00000200  +
0x287B23200  0x00000200  -
0x287B23400  0x00001A00  +
0x287B24E00  0x00000400  -
0x287B25200  0x00000C00  +
0x287B25E00  0x00000200  -
0x287B26000  0x11B6E000  +
0x299694000  0x00000400  -
0x299694400  0x00000A00  +
0x299694E00  0x00000400  -
0x299695200  0x00000400  +
0x299695600  0x00000200  -
0x299695800  0x00000200  +
0x299695A00  0x00000200  -
0x299695C00  0x00001400  +
0x299697000  0x00000200  -
0x299697200  0x00001C00  +
0x299698E00  0x00000200  -
0x299699000  0x00000A00  +
0x299699A00  0x00000200  -
0x299699C00  0x00002C00  +
0x29969C800  0x00000200  -
0x29969CA00  0x00000400  +
0x29969CE00  0x00000400  -
0x29969D200  0x00003C00  +
0x2996A0E00  0x00002200  -
0x2996A3000  0x00000200  +
0x2996A3200  0x00000E00  -
0x2996A4000  0x0495A000  +
0x29DFFE000  0x00000400  -
0x29DFFE400  0x00000A00  +
0x29DFFEE00  0x00002000  -
0x29E000E00  0x00000200  +
0x29E001000  0x00000A00  -
0x29E001A00  0x00000200  +
0x29E001C00  0x00000400  -
0x29E002000  0x00000400  +
0x29E002400  0x00000C00  -
0x29E003000  0x000C8000  +
0x29E0CB000  0x00000200  -
0x29E0CB200  0x00001000  +
0x29E0CC200  0x00001000  -
0x29E0CD200  0x00000200  +
0x29E0CD400  0x00000200  -
0x29E0CD600  0x00003800  +
0x29E0D0E00  0x00000200  -
0x29E0D1000  0x0B16BE00  +
0x2A923CE00  0x00000800  -
0x2A923D600  0x00000800  +
0x2A923DE00  0x00000200  -
0x2A923E000  0x02D8EE00  +
0x2ABFCCE00  0x00001800  -
0x2ABFCE600  0x00000400  +
0x2ABFCEA00  0x00000400  -
0x2ABFCEE00  0x00000200  +
0x2ABFCF000  0x00000200  -
0x2ABFCF200  0x00000E00  +
0x2ABFD0000  0x00000200  -
0x2ABFD0200  0x00000400  +
0x2ABFD0600  0x00000200  -
0x2ABFD0800  0x00000600  +
0x2ABFD0E00  0x00000200  -
0x2ABFD1000  0x0397A200  +
0x2AF94B200  0x00000200  -
0x2AF94B400  0x00000A00  +
0x2AF94BE00  0x00000200  -
0x2AF94C000  0x01E31000  +
0x2B177D000  0x00000400  -
0x2B177D400  0x00000A00  +
0x2B177DE00  0x00000A00  -
0x2B177E800  0x00000200  +
0x2B177EA00  0x00000200  -
0x2B177EC00  0x00000200  +
0x2B177EE00  0x00000200  -
0x2B177F000  0x00000400  +
0x2B177F400  0x00000800  -
0x2B177FC00  0x00000200  +
0x2B177FE00  0x00000200  -
0x2B1780000  0x00000E00  +
0x2B1780E00  0x00000600  -
0x2B1781400  0x00000200  +
0x2B1781600  0x00000600  -
0x2B1781C00  0x00000600  +
0x2B1782200  0x00000200  -
0x2B1782400  0x00000600  +
0x2B1782A00  0x00000200  -
0x2B1782C00  0x00000200  +
0x2B1782E00  0x00000200  -
0x2B1783000  0x00000C00  +
0x2B1783C00  0x00000200  -
0x2B1783E00  0x00000400  +
0x2B1784200  0x00000200  -
0x2B1784400  0x00002600  +
0x2B1786A00  0x00000200  -
0x2B1786C00  0x00004200  +
0x2B178AE00  0x00000200  -
0x2B178B000  0x00040600  +
0x2B17CB600  0x00000200  -
0x2B17CB800  0x00002600  +
0x2B17CDE00  0x00000600  -
0x2B17CE400  0x00001600  +
0x2B17CFA00  0x00000200  -
0x2B17CFC00  0x00001000  +
0x2B17D0C00  0x00000400  -
0x2B17D1000  0x00001000  +
0x2B17D2000  0x00000200  -
0x2B17D2200  0x00009C00  +
0x2B17DBE00  0x00000200  -
0x2B17DC000  0x0000A000  +
0x2B17E6000  0x00000200  -
0x2B17E6200  0x00000400  +
0x2B17E6600  0x00000200  -
0x2B17E6800  0x00007600  +
0x2B17EDE00  0x00000E00  -
0x2B17EEC00  0x00000200  +
0x2B17EEE00  0x00000A00  -
0x2B17EF800  0x00000800  +
0x2B17F0000  0x00000200  -
0x2B17F0200  0x00000200  +
0x2B17F0400  0x00000200  -
0x2B17F0600  0x00000E00  +
0x2B17F1400  0x00000200  -
0x2B17F1600  0x00001200  +
0x2B17F2800  0x00000200  -
0x2B17F2A00  0x00002C00  +
0x2B17F5600  0x00000200  -
0x2B17F5800  0x00002600  +
0x2B17F7E00  0x00000200  -
0x2B17F8000  0x00000C00  +
0x2B17F8C00  0x00000200  -
0x2B17F8E00  0x00001400  +
0x2B17FA200  0x00000200  -
0x2B17FA400  0x00000200  +
0x2B17FA600  0x00000200  -
0x2B17FA800  0x00000200  +
0x2B17FAA00  0x00000400  -
0x2B17FAE00  0x00000200  +
0x2B17FB000  0x00000200  -
0x2B17FB200  0x00000200  +
0x2B17FB400  0x00000400  -
0x2B17FB800  0x00000600  +
0x2B17FBE00  0x00000800  -
0x2B17FC600  0x00000800  +
0x2B17FCE00  0x00000200  -
0x2B17FD000  0x00000200  +
0x2B17FD200  0x00000400  -
0x2B17FD600  0x00000800  +
0x2B17FDE00  0x00002E00  -
0x2B1800C00  0x00000200  +
0x2B1800E00  0x00000A00  -
0x2B1801800  0x00000400  +
0x2B1801C00  0x00000200  -
0x2B1801E00  0x00000200  +
0x2B1802000  0x00000600  -
0x2B1802600  0x00000C00  +
0x2B1803200  0x00000200  -
0x2B1803400  0x00001400  +
0x2B1804800  0x00000200  -
0x2B1804A00  0x00000200  +
0x2B1804C00  0x00000200  -
0x2B1804E00  0x00000200  +
0x2B1805000  0x00000200  -
0x2B1805200  0x00006C00  +
0x2B180BE00  0x00000200  -
0x2B180C000  0x00051000  +
0x2B185D000  0x00000200  -
0x2B185D200  0x00000C00  +
0x2B185DE00  0x00000200  -
0x2B185E000  0x00000E00  +
0x2B185EE00  0x00000200  -
0x2B185F000  0x0000EE00  +
0x2B186DE00  0x00001400  -
0x2B186F200  0x00000400  +
0x2B186F600  0x00000800  -
0x2B186FE00  0x00000400  +
0x2B1870200  0x00000400  -
0x2B1870600  0x00000200  +
0x2B1870800  0x00000400  -
0x2B1870C00  0x00000800  +
0x2B1871400  0x00000C00  -
0x2B1872000  0x00000200  +
0x2B1872200  0x00000800  -
0x2B1872A00  0x00000200  +
0x2B1872C00  0x00000A00  -
0x2B1873600  0x00000600  +
0x2B1873C00  0x00000600  -
0x2B1874200  0x00000200  +
0x2B1874400  0x00000600  -
0x2B1874A00  0x00000400  +
0x2B1874E00  0x00000400  -
0x2B1875200  0x00000200  +
0x2B1875400  0x00000400  -
0x2B1875800  0x00000200  +
0x2B1875A00  0x00000600  -
0x2B1876000  0x00000600  +
0x2B1876600  0x00000800  -
0x2B1876E00  0x00000200  +
0x2B1877000  0x00000800  -
0x2B1877800  0x00000200  +
0x2B1877A00  0x00000200  -
0x2B1877C00  0x00000200  +
0x2B1877E00  0x00000A00  -
0x2B1878800  0x00000400  +
0x2B1878C00  0x00000400  -
0x2B1879000  0x00000200  +
0x2B1879200  0x00000600  -
0x2B1879800  0x00000200  +
0x2B1879A00  0x00000600  -
0x2B187A000  0x00000200  +
0x2B187A200  0x00000600  -
0x2B187A800  0x00000A00  +
0x2B187B200  0x00000A00  -
0x2B187BC00  0x00000600  +
0x2B187C200  0x00000800  -
0x2B187CA00  0x00000400  +
0x2B187CE00  0x00000400  -
0x2B187D200  0x00000200  +
0x2B187D400  0x00000600  -
0x2B187DA00  0x00000400  +
0x2B187DE00  0x00000200  -
0x2B187E000  0x03F54000  +
0x2B57D2000  0x00000400  -
0x2B57D2400  0x00000A00  +
0x2B57D2E00  0x00001200  -
0x2B57D4000  0x03A76000  +
0x2B924A000  0x00000400  -
0x2B924A400  0x00000A00  +
0x2B924AE00  0x00000400  -
0x2B924B200  0x00000600  +
0x2B924B800  0x00000400  -
0x2B924BC00  0x00001000  +
0x2B924CC00  0x00000200  -
0x2B924CE00  0x00001C00  +
0x2B924EA00  0x00000200  -
0x2B924EC00  0x00000A00  +
0x2B924F600  0x00000200  -
0x2B924F800  0x00001000  +
0x2B9250800  0x00000400  -
0x2B9250C00  0x00000600  +
0x2B9251200  0x00000200  -
0x2B9251400  0x00000C00  +
0x2B9252000  0x00000200  -
0x2B9252200  0x00000C00  +
0x2B9252E00  0x00000200  -
0x2B9253000  0x01053000  +
0x2BA2A6000  0x00000400  -
0x2BA2A6400  0x00000A00  +
0x2BA2A6E00  0x00000C00  -
0x2BA2A7A00  0x00000400  +
0x2BA2A7E00  0x00000600  -
0x2BA2A8400  0x00000200  +
0x2BA2A8600  0x00000200  -
0x2BA2A8800  0x00000200  +
0x2BA2A8A00  0x00000200  -
0x2BA2A8C00  0x00000C00  +
0x2BA2A9800  0x00000200  -
0x2BA2A9A00  0x00000200  +
0x2BA2A9C00  0x00000200  -
0x2BA2A9E00  0x00000800  +
0x2BA2AA600  0x00000200  -
0x2BA2AA800  0x00000600  +
0x2BA2AAE00  0x00000200  -
0x2BA2AB000  0xF4B89000  +
0x3AEE34000  0x00000400  -
0x3AEE34400  0x00000A00  +
0x3AEE34E00  0x00000A00  -
0x3AEE35800  0x00000200  +
0x3AEE35A00  0x00000400  -
0x3AEE35E00  0x00000200  +
0x3AEE36000  0x00000200  -
0x3AEE36200  0x00000200  +
0x3AEE36400  0x00000200  -
0x3AEE36600  0x00000600  +
0x3AEE36C00  0x00000200  -
0x3AEE36E00  0x00000600  +
0x3AEE37400  0x00000600  -
0x3AEE37A00  0x00000200  +
0x3AEE37C00  0x00000200  -
0x3AEE37E00  0x00001E00  +
0x3AEE39C00  0x00000E00  -
0x3AEE3AA00  0x00000400  +
0x3AEE3AE00  0x00000200  -
0x3AEE3B000  0x00000200  +
0x3AEE3B200  0x00000200  -
0x3AEE3B400  0x00000E00  +
0x3AEE3C200  0x00000200  -
0x3AEE3C400  0x00000400  +
0x3AEE3C800  0x00000200  -
0x3AEE3CA00  0x00001000  +
0x3AEE3DA00  0x00000200  -
0x3AEE3DC00  0x00000200  +
0x3AEE3DE00  0x00000200  -
0x3AEE3E000  0x00000800  +
0x3AEE3E800  0x00000200  -
0x3AEE3EA00  0x00000C00  +
0x3AEE3F600  0x00000200  -
0x3AEE3F800  0x00000400  +
0x3AEE3FC00  0x00000200  -
0x3AEE3FE00  0x00000200  +
0x3AEE40000  0x00000200  -
0x3AEE40200  0x00000200  +
0x3AEE40400  0x00000200  -
0x3AEE40600  0x00001400  +
0x3AEE41A00  0x00000200  -
0x3AEE41C00  0x00001E00  +
0x3AEE43A00  0x00000200  -
0x3AEE43C00  0x00000600  +
0x3AEE44200  0x00000400  -
0x3AEE44600  0x00000200  +
0x3AEE44800  0x00000200  -
0x3AEE44A00  0x00000400  +
0x3AEE44E00  0x00000200  -
0x3AEE45000  0x05084000  +
0x3B3EC9000  0x00000400  -
0x3B3EC9400  0x00000A00  +
0x3B3EC9E00  0x00001200  -
0x3B3ECB000  0x046AB000  +
0x3B8576000  0x00000400  -
0x3B8576400  0x00000A00  +
0x3B8576E00  0x00001200  -
0x3B8578000  0x00000200  +
0x3B8578200  0x00000200  -
0x3B8578400  0x00000200  +
0x3B8578600  0x00000C00  -
0x3B8579200  0x00000600  +
0x3B8579800  0x0000D200  -
0x3B8586A00  0x00000400  +
0x3B8586E00  0x00000200  -
0x3B8587000  0x02B39000  +
0x3BB0C0000  0x00000400  -
0x3BB0C0400  0x00000A00  +
0x3BB0C0E00  0x00001800  -
0x3BB0C2600  0x00000200  +
0x3BB0C2800  0x00001200  -
0x3BB0C3A00  0x00000200  +
0x3BB0C3C00  0x00000600  -
0x3BB0C4200  0x00000200  +
0x3BB0C4400  0x00000600  -
0x3BB0C4A00  0x00000200  +
0x3BB0C4C00  0x0000C000  -
0x3BB0D0C00  0x00000200  +
0x3BB0D0E00  0x00000200  -
0x3BB0D1000  0x15DCB000  +
0x3D0E9C000  0x00000400  -
0x3D0E9C400  0x00000A00  +
0x3D0E9CE00  0x00023A00  -
0x3D0EC0800  0x00000200  +
0x3D0EC0A00  0x00001000  -
0x3D0EC1A00  0x00000200  +
0x3D0EC1C00  0x00000400  -
0x3D0EC2000  0x00000800  +
0x3D0EC2800  0x00000200  -
0x3D0EC2A00  0x00000400  +
0x3D0EC2E00  0x00000600  -
0x3D0EC3400  0x00000200  +
0x3D0EC3600  0x00000A00  -
0x3D0EC4000  0x00000400  +
0x3D0EC4400  0x00000400  -
0x3D0EC4800  0x00000200  +
0x3D0EC4A00  0x00000400  -
0x3D0EC4E00  0x00001A00  +
0x3D0EC6800  0x00000800  -
0x3D0EC7000  0x00000400  +
0x3D0EC7400  0x00000400  -
0x3D0EC7800  0x00000800  +
0x3D0EC8000  0x00000400  -
0x3D0EC8400  0x00000600  +
0x3D0EC8A00  0x00000200  -
0x3D0EC8C00  0x00000A00  +
0x3D0EC9600  0x00000600  -
0x3D0EC9C00  0x00000400  +
0x3D0ECA000  0x00000200  -
0x3D0ECA200  0x00001400  +
0x3D0ECB600  0x00000200  -
0x3D0ECB800  0x00000600  +
0x3D0ECBE00  0x00000200  -
0x3D0ECC000  0x017E6000  +
0x3D26B2000  0x00000400  -
0x3D26B2400  0x00000A00  +
0x3D26B2E00  0x00000600  -
0x3D26B3400  0x00006A00  +
0x3D26B9E00  0x00000200  -
0x3D26BA000  0x00000600  +
0x3D26BA600  0x00000400  -
0x3D26BAA00  0x00000200  +
0x3D26BAC00  0x00000200  -
0x3D26BAE00  0x00000800  +
0x3D26BB600  0x00000200  -
0x3D26BB800  0x00000200  +
0x3D26BBA00  0x00000400  -
0x3D26BBE00  0x00000800  +
0x3D26BC600  0x00000200  -
0x3D26BC800  0x00002600  +
0x3D26BEE00  0x00000A00  -
0x3D26BF800  0x00000600  +
0x3D26BFE00  0x00000600  -
0x3D26C0400  0x00000600  +
0x3D26C0A00  0x00000200  -
0x3D26C0C00  0x00000400  +
0x3D26C1000  0x00000200  -
0x3D26C1200  0x00001000  +
0x3D26C2200  0x00000400  -
0x3D26C2600  0x00001800  +
0x3D26C3E00  0x00005200  -
0x3D26C9000  0x00000400  +
0x3D26C9400  0x00004C00  -
0x3D26CE000  0x099C4000  +
0x3DC092000  0x00000400  -
0x3DC092400  0x00000A00  +
0x3DC092E00  0x00010200  -
0x3DC0A3000  0x0173E000  +
0x3DD7E1000  0x00000400  -
0x3DD7E1400  0x00000A00  +
0x3DD7E1E00  0x00002E00  -
0x3DD7E4C00  0x00000200  +
0x3DD7E4E00  0x00001C00  -
0x3DD7E6A00  0x00000400  +
0x3DD7E6E00  0x00000600  -
0x3DD7E7400  0x00000400  +
0x3DD7E7800  0x00000600  -
0x3DD7E7E00  0x00000200  +
0x3DD7E8000  0x00000400  -
0x3DD7E8400  0x00000200  +
0x3DD7E8600  0x00000400  -
0x3DD7E8A00  0x00000600  +
0x3DD7E9000  0x00000800  -
0x3DD7E9800  0x00000600  +
0x3DD7E9E00  0x00000600  -
0x3DD7EA400  0x00000600  +
0x3DD7EAA00  0x00000200  -
0x3DD7EAC00  0x00000200  +
0x3DD7EAE00  0x00000400  -
0x3DD7EB200  0x00000C00  +
0x3DD7EBE00  0x00000600  -
0x3DD7EC400  0x00000800  +
0x3DD7ECC00  0x00000200  -
0x3DD7ECE00  0x00000200  +
0x3DD7ED000  0x00000200  -
0x3DD7ED200  0x00000400  +
0x3DD7ED600  0x00000200  -
0x3DD7ED800  0x00000200  +
0x3DD7EDA00  0x00000800  -
0x3DD7EE200  0x00000200  +
0x3DD7EE400  0x00000600  -
0x3DD7EEA00  0x00000200  +
0x3DD7EEC00  0x00000200  -
0x3DD7EEE00  0x00000200  +
0x3DD7EF000  0x00000200  -
0x3DD7EF200  0x00000400  +
0x3DD7EF600  0x00000800  -
0x3DD7EFE00  0x00000200  +
0x3DD7F0000  0x00000200  -
0x3DD7F0200  0x00000600  +
0x3DD7F0800  0x00000400  -
0x3DD7F0C00  0x00000600  +
0x3DD7F1200  0x00000400  -
0x3DD7F1600  0x00000800  +
0x3DD7F1E00  0x00008C00  -
0x3DD7FAA00  0x00000200  +
0x3DD7FAC00  0x00001600  -
0x3DD7FC200  0x00000200  +
0x3DD7FC400  0x00001A00  -
0x3DD7FDE00  0x00000200  +
0x3DD7FE000  0x00000400  -
0x3DD7FE400  0x00000600  +
0x3DD7FEA00  0x00000200  -
0x3DD7FEC00  0x00000200  +
0x3DD7FEE00  0x00003200  -
0x3DD802000  0x01B8F000  +
0x3DF391000  0x00000400  -
0x3DF391400  0x00000A00  +
0x3DF391E00  0x0000BA00  -
0x3DF39D800  0x00000200  +
0x3DF39DA00  0x00002C00  -
0x3DF3A0600  0x00000200  +
0x3DF3A0800  0x00000200  -
0x3DF3A0A00  0x00000400  +
0x3DF3A0E00  0x00000200  -
0x3DF3A1000  0x00000200  +
0x3DF3A1200  0x00000400  -
0x3DF3A1600  0x00000200  +
0x3DF3A1800  0x00000400  -
0x3DF3A1C00  0x00000200  +
0x3DF3A1E00  0x00000200  -
0x3DF3A2000  0x0029E000  +
0x3DF640000  0x00000400  -
0x3DF640400  0x00000A00  +
0x3DF640E00  0x00000400  -
0x3DF641200  0x00000800  +
0x3DF641A00  0x00000600  -
0x3DF642000  0x00000400  +
0x3DF642400  0x00000200  -
0x3DF642600  0x00000400  +
0x3DF642A00  0x00000A00  -
0x3DF643400  0x00000200  +
0x3DF643600  0x00000200  -
0x3DF643800  0x00002800  +
0x3DF646000  0x00000200  -
0x3DF646200  0x00000200  +
0x3DF646400  0x00000200  -
0x3DF646600  0x00000200  +
0x3DF646800  0x00001200  -
0x3DF647A00  0x00000200  +
0x3DF647C00  0x00000600  -
0x3DF648200  0x00000200  +
0x3DF648400  0x00000200  -
0x3DF648600  0x00000200  +
0x3DF648800  0x00000200  -
0x3DF648A00  0x00000200  +
0x3DF648C00  0x00000200  -
0x3DF648E00  0x00000200  +
0x3DF649000  0x00008000  -
0x3DF651000  0x005FDE00  +
0x3DFC4EE00  0x00006800  -
0x3DFC55600  0x00000200  +
0x3DFC55800  0x00003800  -
0x3DFC59000  0x0F726000  +
0x3EF37F000  0x00000400  -
0x3EF37F400  0x00000A00  +
0x3EF37FE00  0x00001200  -
0x3EF381000  0x0BFA1000  +
0x3FB322000  0x00000200  -
0x3FB322200  0x00000C00  +
0x3FB322E00  0x00000200  -
0x3FB323000  0x003EE000  +
0x3FB711000  0x00000400  -
0x3FB711400  0x00000A00  +
0x3FB711E00  0x00000E00  -
0x3FB712C00  0x00000200  +
0x3FB712E00  0x00000200  -
0x3FB713000  0x0022A000  +
0x3FB93D000  0x00000400  -
0x3FB93D400  0x00000A00  +
0x3FB93DE00  0x00000C00  -
0x3FB93EA00  0x00000400  +
0x3FB93EE00  0x00000200  -
0x3FB93F000  0x05B2E000  +
0x40146D000  0x00000400  -
0x40146D400  0x00000A00  +
0x40146DE00  0x00001000  -
0x40146EE00  0x00000200  +
0x40146F000  0x00000800  -
0x40146F800  0x00000200  +
0x40146FA00  0x00000200  -
0x40146FC00  0x00000400  +
0x401470000  0x00000200  -
0x401470200  0x00000200  +
0x401470400  0x00000200  -
0x401470600  0x00001600  +
0x401471C00  0x00000200  -
0x401471E00  0x00004600  +
0x401476400  0x00000200  -
0x401476600  0x00003C00  +
0x40147A200  0x00000200  -
0x40147A400  0x00000A00  +
0x40147AE00  0x00000200  -
0x40147B000  0x0D0E7200  +
0x40E562200  0x00000200  -
0x40E562400  0x00000A00  +
0x40E562E00  0x00000200  -
0x40E563000  0x00000200  +
0x40E563200  0x00000600  -
0x40E563800  0x00000600  +
0x40E563E00  0x00000200  -
0x40E564000  0x1783A0E00  +
0x586904E00  0x00000600  -
0x586905400  0x00000A00  +
0x586905E00  0x00000200  -
0x586906000  0x0086BE00  +
0x587171E00  0x00000E00  -
0x587172C00  0x00000200  +
0x587172E00  0x00000200  -
0x587173000  0x01A70000  +
0x588BE3000  0x00000400  -
0x588BE3400  0x00000A00  +
0x588BE3E00  0x00000800  -
0x588BE4600  0x00001800  +
0x588BE5E00  0x00000200  -
0x588BE6000  0x1E97D200  +
0x5A7563200  0x00000200  -
0x5A7563400  0x00000A00  +
0x5A7563E00  0x00000200  -
0x5A7564000  0x00005E00  +
0x5A7569E00  0x00004400  -
0x5A756E200  0x00004800  +
0x5A7572A00  0x00000200  -
0x5A7572C00  0x00000600  +
0x5A7573200  0x00000600  -
0x5A7573800  0x00000800  +
0x5A7574000  0x00000200  -
0x5A7574200  0x00000200  +
0x5A7574400  0x00000200  -
0x5A7574600  0x00002A00  +
0x5A7577000  0x00000200  -
0x5A7577200  0x00004C00  +
0x5A757BE00  0x00000400  -
0x5A757C200  0x00005C00  +
0x5A7581E00  0x00002200  -
0x5A7584000  0x00005000  +
0x5A7589000  0x00000200  -
0x5A7589200  0x00001C00  +
0x5A758AE00  0x00009000  -
0x5A7593E00  0x00000200  +
0x5A7594000  0x00000200  -
0x5A7594200  0x00000200  +
0x5A7594400  0x00000400  -
0x5A7594800  0x00002600  +
0x5A7596E00  0x00000400  -
0x5A7597200  0x00000E00  +
0x5A7598000  0x00000400  -
0x5A7598400  0x00000400  +
0x5A7598800  0x00000600  -
0x5A7598E00  0x0000E000  +
0x5A75A6E00  0x00002200  -
0x5A75A9000  0x009C6000  +
0x5A7F6F000  0x00000400  -
0x5A7F6F400  0x00000A00  +
0x5A7F6FE00  0x00000E00  -
0x5A7F70C00  0x00001200  +
0x5A7F71E00  0x00000200  -
0x5A7F72000  0x00000400  +
0x5A7F72400  0x00000400  -
0x5A7F72800  0x00000400  +
0x5A7F72C00  0x00000200  -
0x5A7F72E00  0x00000600  +
0x5A7F73400  0x00000200  -
0x5A7F73600  0x00000200  +
0x5A7F73800  0x00000400  -
0x5A7F73C00  0x00000200  +
0x5A7F73E00  0x00000200  -
0x5A7F74000  0x00000600  +
0x5A7F74600  0x00000200  -
0x5A7F74800  0x00000C00  +
0x5A7F75400  0x00000200  -
0x5A7F75600  0x00000400  +
0x5A7F75A00  0x00000200  -
0x5A7F75C00  0x00000200  +
0x5A7F75E00  0x00000200  -
0x5A7F76000  0x00000600  +
0x5A7F76600  0x00001400  -
0x5A7F77A00  0x00000200  +
0x5A7F77C00  0x00000400  -
0x5A7F78000  0x00017000  +
0x5A7F8F000  0x00000200  -
0x5A7F8F200  0x00000C00  +
0x5A7F8FE00  0x00008200  -
0x5A7F98000  0x12771000  +
0x5BA709000  0x00000400  -
0x5BA709400  0x00000A00  +
0x5BA709E00  0x00000400  -
0x5BA70A200  0x00000C00  +
0x5BA70AE00  0x00000A00  -
0x5BA70B800  0x00000200  +
0x5BA70BA00  0x00000800  -
0x5BA70C200  0x00000600  +
0x5BA70C800  0x00002C00  -
0x5BA70F400  0x00000A00  +
0x5BA70FE00  0x00000200  -
0x5BA710000  0xB691A000  +
0x67102A000  0x00000400  -
0x67102A400  0x00000A00  +
0x67102AE00  0x0000F200  -
0x67103A000  0x00000200  +
0x67103A200  0x00000800  -
0x67103AA00  0x00000200  +
0x67103AC00  0x00001400  -
0x67103C000  0x00000200  +
0x67103C200  0x00002400  -
0x67103E600  0x00000200  +
0x67103E800  0x00000E00  -
0x67103F600  0x00000200  +
0x67103F800  0x00003E00  -
0x671043600  0x00000200  +
0x671043800  0x00000800  -
0x671044000  0x00000200  +
0x671044200  0x0000F200  -
0x671053400  0x00000200  +
0x671053600  0x00002200  -
0x671055800  0x00000200  +
0x671055A00  0x00000E00  -
0x671056800  0x00000800  +
0x671057000  0x00001400  -
0x671058400  0x00000200  +
0x671058600  0x00000200  -
0x671058800  0x00000200  +
0x671058A00  0x00000400  -
0x671058E00  0x00000200  +
0x671059000  0x00000C00  -
0x671059C00  0x00000200  +
0x671059E00  0x00000400  -
0x67105A200  0x00000200  +
0x67105A400  0x00000600  -
0x67105AA00  0x00000200  +
0x67105AC00  0x00000800  -
0x67105B400  0x00000200  +
0x67105B600  0x00000200  -
0x67105B800  0x00004600  +
0x67105FE00  0x00000200  -
0x671060000  0x0006AE00  +
0x6710CAE00  0x00010200  -
0x6710DB000  0x00000A00  +
0x6710DBA00  0x00000600  -
0x6710DC000  0x00001200  +
0x6710DD200  0x00000400  -
0x6710DD600  0x0001FE00  +
0x6710FD400  0x00000400  -
0x6710FD800  0x00010800  +
0x67110E000  0x0000D000  -
0x67111B000  0x0018D000  +
0x6712A8000  0x00003000  -
0x6712AB000  0x02DCE000  +
0x674079000  0x00003000  -
0x67407C000  0x04ACF000  +
0x678B4B000  0x00001000  -
0x678B4C000  0x00000C00  +
0x678B4CC00  0x00000400  -
0x678B4D000  0x02722000  +
0x67B26F000  0x00003000  -
0x67B272000  0x00002000  +
0x67B274000  0x00001000  -
0x67B275000  0x00000400  +
0x67B275400  0x00000C00  -
0x67B276000  0x2CDA2E00  +
0x6A8018E00  0x00000200  -
0x6A8019000  0x0BBA0000  +
0x6B3BB9000  0x00003000  -
0x6B3BBC000  0x00003000  +
0x6B3BBF000  0x00004000  -
0x6B3BC3000  0x00001000  +
0x6B3BC4000  0x00004000  -
0x6B3BC8000  0x182669000  +
0x836231000  0x00002000  -
0x836233000  0x00000800  +
0x836233800  0x00000800  -
0x836234000  0x0000CE00  +
0x836240E00  0x00000200  -
0x836241000  0x405AE000  +
0x8767EF000  0x00002000  -
0x8767F1000  0x0000DE00  +
0x8767FEE00  0x00000400  -
0x8767FF200  0x00003C00  +
0x876802E00  0x00000200  -
0x876803000  0x00000C00  +
0x876803C00  0x00000400  -
0x876804000  0x00005000  +
0x876809000  0x00001000  -
0x87680A000  0x00000600  +
0x87680A600  0x00000A00  -
0x87680B000  0x00002E00  +
0x87680DE00  0x00000200  -
0x87680E000  0x0005BE00  +
0x876869E00  0x00000400  -
0x87686A200  0x0000FE00  +
0x87687A000  0x00000400  -
0x87687A400  0x0000CA00  +
0x876886E00  0x00000200  -
0x876887000  0x00062E00  +
0x8768E9E00  0x00000200  -
0x8768EA000  0xA3862000  +
0x91A14C000  0x00002000  -
0x91A14E000  0x378D2000  +
0x951A20000  0x00002000  -
0x951A22000  0x00004000  +
0x951A26000  0x00002000  -
0x951A28000  0x00007000  +
0x951A2F000  0x00002000  -
0x951A31000  0x00002000  +
0x951A33000  0x00005000  -
0x951A38000  0x00009E00  +
0x951A41E00  0x00000200  -
0x951A42000  0x00003000  +
0x951A45000  0x00004000  -
0x951A49000  0x00003000  +
0x951A4C000  0x00003000  -
0x951A4F000  0x00009000  +
0x951A58000  0x00002000  -
0x951A5A000  0x00009000  +
0x951A63000  0x00001000  -
0x951A64000  0x00009000  +
0x951A6D000  0x00002000  -
0x951A6F000  0x00007000  +
0x951A76000  0x00002000  -
0x951A78000  0x00019000  +
0x951A91000  0x00002000  -
0x951A93000  0x00007000  +
0x951A9A000  0x00003000  -
0x951A9D000  0x00002000  +
0x951A9F000  0x00002000  -
0x951AA1000  0x00043000  +
0x951AE4000  0x00003000  -
0x951AE7000  0x00007000  +
0x951AEE000  0x00002000  -
0x951AF0000  0x00007000  +
0x951AF7000  0x00002000  -
0x951AF9000  0x00035000  +
0x951B2E000  0x00002000  -
0x951B30000  0x00003000  +
0x951B33000  0x00002000  -
0x951B35000  0x00004000  +
0x951B39000  0x00002000  -
0x951B3B000  0x00008000  +
0x951B43000  0x00002000  -
0x951B45000  0x00010000  +
0x951B55000  0x00002000  -
0x951B57000  0x00091800  +
0x951BE8800  0x00000800  -
0x951BE9000  0x00008000  +
0x951BF1000  0x00002000  -
0x951BF3000  0x95239F000  +
